2022-06-13 11:11:00,311 [Worker-0: Loading available Gradle versions] INFO  o.e.b.c.i.u.g.PublishedGradleVersions - Gradle version information cache is up-to-date. Trying to read.
2022-06-13 11:12:19,915 [Worker-20: Building] INFO  o.e.m.c.i.l.LifecycleMappingFactory - Using org.eclipse.m2e.jdt.JarLifecycleMapping lifecycle mapping for MavenProject: it.uniroma3.siw:esame:0.0.1 @ C:\Users\ivanc\OneDrive\Documenti\GitHub\siw-progetto-docente\siw-esame\pom.xml.
2022-06-13 11:12:32,370 [Worker-20: Building] INFO  o.e.m.c.i.embedder.EclipseLogger - Using 'UTF-8' encoding to copy filtered resources.
2022-06-13 11:12:32,371 [Worker-20: Building] INFO  o.e.m.c.i.embedder.EclipseLogger - Using 'UTF-8' encoding to copy filtered properties files.
2022-06-13 11:12:32,382 [Worker-20: Building] INFO  o.e.m.c.i.embedder.EclipseLogger - Copying 1 resource
2022-06-13 11:12:32,424 [Worker-20: Building] INFO  o.e.m.c.i.embedder.EclipseLogger - Copying 33 resources
2022-06-13 11:12:32,651 [Worker-20: Building] INFO  o.e.m.c.i.embedder.EclipseLogger - Using 'UTF-8' encoding to copy filtered resources.
2022-06-13 11:12:32,652 [Worker-20: Building] INFO  o.e.m.c.i.embedder.EclipseLogger - Using 'UTF-8' encoding to copy filtered properties files.
2022-06-13 11:12:32,652 [Worker-20: Building] INFO  o.e.m.c.i.embedder.EclipseLogger - skip non existing resourceDirectory C:\Users\ivanc\OneDrive\Documenti\GitHub\siw-progetto-docente\siw-esame\src\test\resources
2022-06-13 11:12:35,348 [Worker-4: Building] INFO  o.e.m.c.i.embedder.EclipseLogger - Using 'UTF-8' encoding to copy filtered resources.
2022-06-13 11:12:35,349 [Worker-4: Building] INFO  o.e.m.c.i.embedder.EclipseLogger - Using 'UTF-8' encoding to copy filtered properties files.
2022-06-13 11:12:35,365 [Worker-4: Building] INFO  o.e.m.c.i.embedder.EclipseLogger - Copying 1 resource
2022-06-13 11:12:35,382 [Worker-4: Building] INFO  o.e.m.c.i.embedder.EclipseLogger - Copying 33 resources
2022-06-13 11:12:35,636 [Worker-4: Building] INFO  o.e.m.c.i.embedder.EclipseLogger - Using 'UTF-8' encoding to copy filtered resources.
2022-06-13 11:12:35,637 [Worker-4: Building] INFO  o.e.m.c.i.embedder.EclipseLogger - Using 'UTF-8' encoding to copy filtered properties files.
2022-06-13 11:12:35,637 [Worker-4: Building] INFO  o.e.m.c.i.embedder.EclipseLogger - skip non existing resourceDirectory C:\Users\ivanc\OneDrive\Documenti\GitHub\siw-progetto-docente\siw-esame\src\test\resources
2022-06-13 11:17:53,333 [Worker-4: Loading available Gradle versions] INFO  o.e.b.c.i.u.g.PublishedGradleVersions - Gradle version information cache is up-to-date. Trying to read.
2022-06-13 11:20:07,470 [Worker-21: Building] INFO  o.e.m.c.i.embedder.EclipseLogger - Using 'UTF-8' encoding to copy filtered resources.
2022-06-13 11:20:07,474 [Worker-21: Building] INFO  o.e.m.c.i.embedder.EclipseLogger - Using 'UTF-8' encoding to copy filtered properties files.
2022-06-13 11:20:07,485 [Worker-21: Building] INFO  o.e.m.c.i.embedder.EclipseLogger - Copying 1 resource
2022-06-13 11:20:07,525 [Worker-21: Building] INFO  o.e.m.c.i.embedder.EclipseLogger - Copying 33 resources
2022-06-13 11:20:07,554 [Worker-21: Building] INFO  o.e.m.c.i.embedder.EclipseLogger - Using 'UTF-8' encoding to copy filtered resources.
2022-06-13 11:20:07,554 [Worker-21: Building] INFO  o.e.m.c.i.embedder.EclipseLogger - Using 'UTF-8' encoding to copy filtered properties files.
2022-06-13 11:20:07,555 [Worker-21: Building] INFO  o.e.m.c.i.embedder.EclipseLogger - skip non existing resourceDirectory C:\Users\ivanc\OneDrive\Documenti\GitHub\siw-progetto-docente\siw-esame\src\test\resources
2022-06-13 11:20:19,667 [Worker-21: Building] INFO  o.e.m.c.i.embedder.EclipseLogger - Using 'UTF-8' encoding to copy filtered resources.
2022-06-13 11:20:19,667 [Worker-21: Building] INFO  o.e.m.c.i.embedder.EclipseLogger - Using 'UTF-8' encoding to copy filtered properties files.
2022-06-13 11:20:19,681 [Worker-21: Building] INFO  o.e.m.c.i.embedder.EclipseLogger - Copying 1 resource
2022-06-13 11:20:19,699 [Worker-21: Building] INFO  o.e.m.c.i.embedder.EclipseLogger - Copying 33 resources
2022-06-13 11:20:19,731 [Worker-21: Building] INFO  o.e.m.c.i.embedder.EclipseLogger - Using 'UTF-8' encoding to copy filtered resources.
2022-06-13 11:20:19,731 [Worker-21: Building] INFO  o.e.m.c.i.embedder.EclipseLogger - Using 'UTF-8' encoding to copy filtered properties files.
2022-06-13 11:20:19,731 [Worker-21: Building] INFO  o.e.m.c.i.embedder.EclipseLogger - skip non existing resourceDirectory C:\Users\ivanc\OneDrive\Documenti\GitHub\siw-progetto-docente\siw-esame\src\test\resources
2022-06-13 11:34:04,357 [Worker-27: Building] INFO  o.e.m.c.i.embedder.EclipseLogger - Using 'UTF-8' encoding to copy filtered resources.
2022-06-13 11:34:04,358 [Worker-27: Building] INFO  o.e.m.c.i.embedder.EclipseLogger - Using 'UTF-8' encoding to copy filtered properties files.
2022-06-13 11:34:04,360 [Worker-27: Building] INFO  o.e.m.c.i.embedder.EclipseLogger - Copying 0 resource
2022-06-13 11:34:04,360 [Worker-27: Building] INFO  o.e.m.c.i.embedder.EclipseLogger - Copying 1 resource
2022-06-13 11:34:04,366 [Worker-27: Building] INFO  o.e.m.c.i.embedder.EclipseLogger - Using 'UTF-8' encoding to copy filtered resources.
2022-06-13 11:34:04,367 [Worker-27: Building] INFO  o.e.m.c.i.embedder.EclipseLogger - Using 'UTF-8' encoding to copy filtered properties files.
2022-06-13 11:34:04,367 [Worker-27: Building] INFO  o.e.m.c.i.embedder.EclipseLogger - skip non existing resourceDirectory C:\Users\ivanc\OneDrive\Documenti\GitHub\siw-progetto-docente\siw-esame\src\test\resources
2022-06-13 11:37:57,978 [Worker-24: Building] INFO  o.e.m.c.i.embedder.EclipseLogger - Using 'UTF-8' encoding to copy filtered resources.
2022-06-13 11:37:57,979 [Worker-24: Building] INFO  o.e.m.c.i.embedder.EclipseLogger - Using 'UTF-8' encoding to copy filtered properties files.
2022-06-13 11:37:57,979 [Worker-24: Building] INFO  o.e.m.c.i.embedder.EclipseLogger - Copying 0 resource
2022-06-13 11:37:57,980 [Worker-24: Building] INFO  o.e.m.c.i.embedder.EclipseLogger - Copying 1 resource
2022-06-13 11:37:57,987 [Worker-24: Building] INFO  o.e.m.c.i.embedder.EclipseLogger - Using 'UTF-8' encoding to copy filtered resources.
2022-06-13 11:37:57,987 [Worker-24: Building] INFO  o.e.m.c.i.embedder.EclipseLogger - Using 'UTF-8' encoding to copy filtered properties files.
2022-06-13 11:37:57,988 [Worker-24: Building] INFO  o.e.m.c.i.embedder.EclipseLogger - skip non existing resourceDirectory C:\Users\ivanc\OneDrive\Documenti\GitHub\siw-progetto-docente\siw-esame\src\test\resources
2022-06-13 11:43:03,541 [Worker-24: Building] INFO  o.e.m.c.i.embedder.EclipseLogger - Using 'UTF-8' encoding to copy filtered resources.
2022-06-13 11:43:03,542 [Worker-24: Building] INFO  o.e.m.c.i.embedder.EclipseLogger - Using 'UTF-8' encoding to copy filtered properties files.
2022-06-13 11:43:03,549 [Worker-24: Building] INFO  o.e.m.c.i.embedder.EclipseLogger - Copying 1 resource
2022-06-13 11:43:03,561 [Worker-24: Building] INFO  o.e.m.c.i.embedder.EclipseLogger - Copying 33 resources
2022-06-13 11:43:03,578 [Worker-24: Building] INFO  o.e.m.c.i.embedder.EclipseLogger - Using 'UTF-8' encoding to copy filtered resources.
2022-06-13 11:43:03,578 [Worker-24: Building] INFO  o.e.m.c.i.embedder.EclipseLogger - Using 'UTF-8' encoding to copy filtered properties files.
2022-06-13 11:43:03,578 [Worker-24: Building] INFO  o.e.m.c.i.embedder.EclipseLogger - skip non existing resourceDirectory C:\Users\ivanc\OneDrive\Documenti\GitHub\siw-progetto-docente\siw-esame\src\test\resources
2022-06-13 11:51:57,852 [Worker-42: Building] INFO  o.e.m.c.i.embedder.EclipseLogger - Using 'UTF-8' encoding to copy filtered resources.
2022-06-13 11:51:57,853 [Worker-42: Building] INFO  o.e.m.c.i.embedder.EclipseLogger - Using 'UTF-8' encoding to copy filtered properties files.
2022-06-13 11:51:57,853 [Worker-42: Building] INFO  o.e.m.c.i.embedder.EclipseLogger - Copying 0 resource
2022-06-13 11:51:57,854 [Worker-42: Building] INFO  o.e.m.c.i.embedder.EclipseLogger - Copying 1 resource
2022-06-13 11:51:57,862 [Worker-42: Building] INFO  o.e.m.c.i.embedder.EclipseLogger - Using 'UTF-8' encoding to copy filtered resources.
2022-06-13 11:51:57,862 [Worker-42: Building] INFO  o.e.m.c.i.embedder.EclipseLogger - Using 'UTF-8' encoding to copy filtered properties files.
2022-06-13 11:51:57,862 [Worker-42: Building] INFO  o.e.m.c.i.embedder.EclipseLogger - skip non existing resourceDirectory C:\Users\ivanc\OneDrive\Documenti\GitHub\siw-progetto-docente\siw-esame\src\test\resources
2022-06-13 11:51:59,148 [Worker-43: Building] INFO  o.e.m.c.i.embedder.EclipseLogger - Using 'UTF-8' encoding to copy filtered resources.
2022-06-13 11:51:59,149 [Worker-43: Building] INFO  o.e.m.c.i.embedder.EclipseLogger - Using 'UTF-8' encoding to copy filtered properties files.
2022-06-13 11:51:59,155 [Worker-43: Building] INFO  o.e.m.c.i.embedder.EclipseLogger - Copying 1 resource
2022-06-13 11:51:59,176 [Worker-43: Building] INFO  o.e.m.c.i.embedder.EclipseLogger - Copying 33 resources
2022-06-13 11:51:59,206 [Worker-43: Building] INFO  o.e.m.c.i.embedder.EclipseLogger - Using 'UTF-8' encoding to copy filtered resources.
2022-06-13 11:51:59,206 [Worker-43: Building] INFO  o.e.m.c.i.embedder.EclipseLogger - Using 'UTF-8' encoding to copy filtered properties files.
2022-06-13 11:51:59,207 [Worker-43: Building] INFO  o.e.m.c.i.embedder.EclipseLogger - skip non existing resourceDirectory C:\Users\ivanc\OneDrive\Documenti\GitHub\siw-progetto-docente\siw-esame\src\test\resources
2022-06-13 11:59:36,101 [Worker-45: Building] INFO  o.e.m.c.i.embedder.EclipseLogger - Using 'UTF-8' encoding to copy filtered resources.
2022-06-13 11:59:36,102 [Worker-45: Building] INFO  o.e.m.c.i.embedder.EclipseLogger - Using 'UTF-8' encoding to copy filtered properties files.
2022-06-13 11:59:36,102 [Worker-45: Building] INFO  o.e.m.c.i.embedder.EclipseLogger - Copying 0 resource
2022-06-13 11:59:36,102 [Worker-45: Building] INFO  o.e.m.c.i.embedder.EclipseLogger - Copying 1 resource
2022-06-13 11:59:36,109 [Worker-45: Building] INFO  o.e.m.c.i.embedder.EclipseLogger - Using 'UTF-8' encoding to copy filtered resources.
2022-06-13 11:59:36,109 [Worker-45: Building] INFO  o.e.m.c.i.embedder.EclipseLogger - Using 'UTF-8' encoding to copy filtered properties files.
2022-06-13 11:59:36,109 [Worker-45: Building] INFO  o.e.m.c.i.embedder.EclipseLogger - skip non existing resourceDirectory C:\Users\ivanc\OneDrive\Documenti\GitHub\siw-progetto-docente\siw-esame\src\test\resources
2022-06-13 12:00:12,253 [Worker-47: Building] INFO  o.e.m.c.i.embedder.EclipseLogger - Using 'UTF-8' encoding to copy filtered resources.
2022-06-13 12:00:12,254 [Worker-47: Building] INFO  o.e.m.c.i.embedder.EclipseLogger - Using 'UTF-8' encoding to copy filtered properties files.
2022-06-13 12:00:12,254 [Worker-47: Building] INFO  o.e.m.c.i.embedder.EclipseLogger - Copying 0 resource
2022-06-13 12:00:12,254 [Worker-47: Building] INFO  o.e.m.c.i.embedder.EclipseLogger - Copying 1 resource
2022-06-13 12:00:12,259 [Worker-47: Building] INFO  o.e.m.c.i.embedder.EclipseLogger - Using 'UTF-8' encoding to copy filtered resources.
2022-06-13 12:00:12,259 [Worker-47: Building] INFO  o.e.m.c.i.embedder.EclipseLogger - Using 'UTF-8' encoding to copy filtered properties files.
2022-06-13 12:00:12,259 [Worker-47: Building] INFO  o.e.m.c.i.embedder.EclipseLogger - skip non existing resourceDirectory C:\Users\ivanc\OneDrive\Documenti\GitHub\siw-progetto-docente\siw-esame\src\test\resources
2022-06-13 12:01:20,853 [Worker-48: Launching siw-esame - SiwSpringEsameApplication] INFO  o.e.m.c.i.embedder.EclipseLogger - Using 'UTF-8' encoding to copy filtered resources.
2022-06-13 12:01:20,853 [Worker-48: Launching siw-esame - SiwSpringEsameApplication] INFO  o.e.m.c.i.embedder.EclipseLogger - Using 'UTF-8' encoding to copy filtered properties files.
2022-06-13 12:01:20,854 [Worker-48: Launching siw-esame - SiwSpringEsameApplication] INFO  o.e.m.c.i.embedder.EclipseLogger - Copying 0 resource
2022-06-13 12:01:20,854 [Worker-48: Launching siw-esame - SiwSpringEsameApplication] INFO  o.e.m.c.i.embedder.EclipseLogger - Copying 1 resource
2022-06-13 12:01:20,861 [Worker-48: Launching siw-esame - SiwSpringEsameApplication] INFO  o.e.m.c.i.embedder.EclipseLogger - Using 'UTF-8' encoding to copy filtered resources.
2022-06-13 12:01:20,862 [Worker-48: Launching siw-esame - SiwSpringEsameApplication] INFO  o.e.m.c.i.embedder.EclipseLogger - Using 'UTF-8' encoding to copy filtered properties files.
2022-06-13 12:01:20,862 [Worker-48: Launching siw-esame - SiwSpringEsameApplication] INFO  o.e.m.c.i.embedder.EclipseLogger - skip non existing resourceDirectory C:\Users\ivanc\OneDrive\Documenti\GitHub\siw-progetto-docente\siw-esame\src\test\resources
2022-06-13 12:02:00,454 [Worker-47: Building] INFO  o.e.m.c.i.embedder.EclipseLogger - Using 'UTF-8' encoding to copy filtered resources.
2022-06-13 12:02:00,454 [Worker-47: Building] INFO  o.e.m.c.i.embedder.EclipseLogger - Using 'UTF-8' encoding to copy filtered properties files.
2022-06-13 12:02:00,455 [Worker-47: Building] INFO  o.e.m.c.i.embedder.EclipseLogger - Copying 0 resource
2022-06-13 12:02:00,455 [Worker-47: Building] INFO  o.e.m.c.i.embedder.EclipseLogger - Copying 1 resource
2022-06-13 12:02:00,460 [Worker-47: Building] INFO  o.e.m.c.i.embedder.EclipseLogger - Using 'UTF-8' encoding to copy filtered resources.
2022-06-13 12:02:00,460 [Worker-47: Building] INFO  o.e.m.c.i.embedder.EclipseLogger - Using 'UTF-8' encoding to copy filtered properties files.
2022-06-13 12:02:00,460 [Worker-47: Building] INFO  o.e.m.c.i.embedder.EclipseLogger - skip non existing resourceDirectory C:\Users\ivanc\OneDrive\Documenti\GitHub\siw-progetto-docente\siw-esame\src\test\resources
2022-06-13 12:04:26,910 [Worker-34: Building] INFO  o.e.m.c.i.embedder.EclipseLogger - Using 'UTF-8' encoding to copy filtered resources.
2022-06-13 12:04:26,910 [Worker-34: Building] INFO  o.e.m.c.i.embedder.EclipseLogger - Using 'UTF-8' encoding to copy filtered properties files.
2022-06-13 12:04:26,910 [Worker-34: Building] INFO  o.e.m.c.i.embedder.EclipseLogger - Copying 0 resource
2022-06-13 12:04:26,911 [Worker-34: Building] INFO  o.e.m.c.i.embedder.EclipseLogger - Copying 1 resource
2022-06-13 12:04:26,925 [Worker-34: Building] INFO  o.e.m.c.i.embedder.EclipseLogger - Using 'UTF-8' encoding to copy filtered resources.
2022-06-13 12:04:26,925 [Worker-34: Building] INFO  o.e.m.c.i.embedder.EclipseLogger - Using 'UTF-8' encoding to copy filtered properties files.
2022-06-13 12:04:26,926 [Worker-34: Building] INFO  o.e.m.c.i.embedder.EclipseLogger - skip non existing resourceDirectory C:\Users\ivanc\OneDrive\Documenti\GitHub\siw-progetto-docente\siw-esame\src\test\resources
2022-06-13 12:06:05,517 [Worker-46: Building] INFO  o.e.m.c.i.embedder.EclipseLogger - Using 'UTF-8' encoding to copy filtered resources.
2022-06-13 12:06:05,517 [Worker-46: Building] INFO  o.e.m.c.i.embedder.EclipseLogger - Using 'UTF-8' encoding to copy filtered properties files.
2022-06-13 12:06:05,517 [Worker-46: Building] INFO  o.e.m.c.i.embedder.EclipseLogger - Copying 0 resource
2022-06-13 12:06:05,518 [Worker-46: Building] INFO  o.e.m.c.i.embedder.EclipseLogger - Copying 1 resource
2022-06-13 12:06:05,522 [Worker-46: Building] INFO  o.e.m.c.i.embedder.EclipseLogger - Using 'UTF-8' encoding to copy filtered resources.
2022-06-13 12:06:05,523 [Worker-46: Building] INFO  o.e.m.c.i.embedder.EclipseLogger - Using 'UTF-8' encoding to copy filtered properties files.
2022-06-13 12:06:05,523 [Worker-46: Building] INFO  o.e.m.c.i.embedder.EclipseLogger - skip non existing resourceDirectory C:\Users\ivanc\OneDrive\Documenti\GitHub\siw-progetto-docente\siw-esame\src\test\resources
2022-06-13 12:09:11,710 [Worker-46: Building] INFO  o.e.m.c.i.embedder.EclipseLogger - Using 'UTF-8' encoding to copy filtered resources.
2022-06-13 12:09:11,711 [Worker-46: Building] INFO  o.e.m.c.i.embedder.EclipseLogger - Using 'UTF-8' encoding to copy filtered properties files.
2022-06-13 12:09:11,711 [Worker-46: Building] INFO  o.e.m.c.i.embedder.EclipseLogger - Copying 0 resource
2022-06-13 12:09:11,711 [Worker-46: Building] INFO  o.e.m.c.i.embedder.EclipseLogger - Copying 1 resource
2022-06-13 12:09:11,718 [Worker-46: Building] INFO  o.e.m.c.i.embedder.EclipseLogger - Using 'UTF-8' encoding to copy filtered resources.
2022-06-13 12:09:11,718 [Worker-46: Building] INFO  o.e.m.c.i.embedder.EclipseLogger - Using 'UTF-8' encoding to copy filtered properties files.
2022-06-13 12:09:11,718 [Worker-46: Building] INFO  o.e.m.c.i.embedder.EclipseLogger - skip non existing resourceDirectory C:\Users\ivanc\OneDrive\Documenti\GitHub\siw-progetto-docente\siw-esame\src\test\resources
2022-06-13 12:09:26,307 [Worker-46: Building] INFO  o.e.m.c.i.embedder.EclipseLogger - Using 'UTF-8' encoding to copy filtered resources.
2022-06-13 12:09:26,308 [Worker-46: Building] INFO  o.e.m.c.i.embedder.EclipseLogger - Using 'UTF-8' encoding to copy filtered properties files.
2022-06-13 12:09:26,308 [Worker-46: Building] INFO  o.e.m.c.i.embedder.EclipseLogger - Copying 0 resource
2022-06-13 12:09:26,308 [Worker-46: Building] INFO  o.e.m.c.i.embedder.EclipseLogger - Copying 1 resource
2022-06-13 12:09:26,314 [Worker-46: Building] INFO  o.e.m.c.i.embedder.EclipseLogger - Using 'UTF-8' encoding to copy filtered resources.
2022-06-13 12:09:26,314 [Worker-46: Building] INFO  o.e.m.c.i.embedder.EclipseLogger - Using 'UTF-8' encoding to copy filtered properties files.
2022-06-13 12:09:26,314 [Worker-46: Building] INFO  o.e.m.c.i.embedder.EclipseLogger - skip non existing resourceDirectory C:\Users\ivanc\OneDrive\Documenti\GitHub\siw-progetto-docente\siw-esame\src\test\resources
2022-06-13 12:12:32,911 [Worker-45: Building] INFO  o.e.m.c.i.embedder.EclipseLogger - Using 'UTF-8' encoding to copy filtered resources.
2022-06-13 12:12:32,911 [Worker-45: Building] INFO  o.e.m.c.i.embedder.EclipseLogger - Using 'UTF-8' encoding to copy filtered properties files.
2022-06-13 12:12:32,911 [Worker-45: Building] INFO  o.e.m.c.i.embedder.EclipseLogger - Copying 0 resource
2022-06-13 12:12:32,912 [Worker-45: Building] INFO  o.e.m.c.i.embedder.EclipseLogger - Copying 1 resource
2022-06-13 12:12:32,918 [Worker-45: Building] INFO  o.e.m.c.i.embedder.EclipseLogger - Using 'UTF-8' encoding to copy filtered resources.
2022-06-13 12:12:32,918 [Worker-45: Building] INFO  o.e.m.c.i.embedder.EclipseLogger - Using 'UTF-8' encoding to copy filtered properties files.
2022-06-13 12:12:32,919 [Worker-45: Building] INFO  o.e.m.c.i.embedder.EclipseLogger - skip non existing resourceDirectory C:\Users\ivanc\OneDrive\Documenti\GitHub\siw-progetto-docente\siw-esame\src\test\resources
2022-06-13 12:12:33,994 [Worker-34: Building] INFO  o.e.m.c.i.embedder.EclipseLogger - Using 'UTF-8' encoding to copy filtered resources.
2022-06-13 12:12:33,994 [Worker-34: Building] INFO  o.e.m.c.i.embedder.EclipseLogger - Using 'UTF-8' encoding to copy filtered properties files.
2022-06-13 12:12:33,995 [Worker-34: Building] INFO  o.e.m.c.i.embedder.EclipseLogger - Copying 0 resource
2022-06-13 12:12:33,995 [Worker-34: Building] INFO  o.e.m.c.i.embedder.EclipseLogger - Copying 1 resource
2022-06-13 12:12:34,000 [Worker-34: Building] INFO  o.e.m.c.i.embedder.EclipseLogger - Using 'UTF-8' encoding to copy filtered resources.
2022-06-13 12:12:34,000 [Worker-34: Building] INFO  o.e.m.c.i.embedder.EclipseLogger - Using 'UTF-8' encoding to copy filtered properties files.
2022-06-13 12:12:34,000 [Worker-34: Building] INFO  o.e.m.c.i.embedder.EclipseLogger - skip non existing resourceDirectory C:\Users\ivanc\OneDrive\Documenti\GitHub\siw-progetto-docente\siw-esame\src\test\resources
2022-06-13 12:14:23,789 [Worker-51: Building] INFO  o.e.m.c.i.embedder.EclipseLogger - Using 'UTF-8' encoding to copy filtered resources.
2022-06-13 12:14:23,790 [Worker-51: Building] INFO  o.e.m.c.i.embedder.EclipseLogger - Using 'UTF-8' encoding to copy filtered properties files.
2022-06-13 12:14:23,790 [Worker-51: Building] INFO  o.e.m.c.i.embedder.EclipseLogger - Copying 0 resource
2022-06-13 12:14:23,790 [Worker-51: Building] INFO  o.e.m.c.i.embedder.EclipseLogger - Copying 1 resource
2022-06-13 12:14:23,795 [Worker-51: Building] INFO  o.e.m.c.i.embedder.EclipseLogger - Using 'UTF-8' encoding to copy filtered resources.
2022-06-13 12:14:23,795 [Worker-51: Building] INFO  o.e.m.c.i.embedder.EclipseLogger - Using 'UTF-8' encoding to copy filtered properties files.
2022-06-13 12:14:23,795 [Worker-51: Building] INFO  o.e.m.c.i.embedder.EclipseLogger - skip non existing resourceDirectory C:\Users\ivanc\OneDrive\Documenti\GitHub\siw-progetto-docente\siw-esame\src\test\resources
2022-06-13 12:17:58,939 [Worker-57: Building] INFO  o.e.m.c.i.embedder.EclipseLogger - Using 'UTF-8' encoding to copy filtered resources.
2022-06-13 12:17:58,940 [Worker-57: Building] INFO  o.e.m.c.i.embedder.EclipseLogger - Using 'UTF-8' encoding to copy filtered properties files.
2022-06-13 12:17:58,940 [Worker-57: Building] INFO  o.e.m.c.i.embedder.EclipseLogger - Copying 0 resource
2022-06-13 12:17:58,940 [Worker-57: Building] INFO  o.e.m.c.i.embedder.EclipseLogger - Copying 1 resource
2022-06-13 12:17:58,945 [Worker-57: Building] INFO  o.e.m.c.i.embedder.EclipseLogger - Using 'UTF-8' encoding to copy filtered resources.
2022-06-13 12:17:58,945 [Worker-57: Building] INFO  o.e.m.c.i.embedder.EclipseLogger - Using 'UTF-8' encoding to copy filtered properties files.
2022-06-13 12:17:58,945 [Worker-57: Building] INFO  o.e.m.c.i.embedder.EclipseLogger - skip non existing resourceDirectory C:\Users\ivanc\OneDrive\Documenti\GitHub\siw-progetto-docente\siw-esame\src\test\resources
2022-06-13 12:21:05,118 [Worker-55: Building] INFO  o.e.m.c.i.embedder.EclipseLogger - Using 'UTF-8' encoding to copy filtered resources.
2022-06-13 12:21:05,118 [Worker-55: Building] INFO  o.e.m.c.i.embedder.EclipseLogger - Using 'UTF-8' encoding to copy filtered properties files.
2022-06-13 12:21:05,119 [Worker-55: Building] INFO  o.e.m.c.i.embedder.EclipseLogger - Copying 0 resource
2022-06-13 12:21:05,119 [Worker-55: Building] INFO  o.e.m.c.i.embedder.EclipseLogger - Copying 1 resource
2022-06-13 12:21:05,134 [Worker-55: Building] INFO  o.e.m.c.i.embedder.EclipseLogger - Using 'UTF-8' encoding to copy filtered resources.
2022-06-13 12:21:05,134 [Worker-55: Building] INFO  o.e.m.c.i.embedder.EclipseLogger - Using 'UTF-8' encoding to copy filtered properties files.
2022-06-13 12:21:05,134 [Worker-55: Building] INFO  o.e.m.c.i.embedder.EclipseLogger - skip non existing resourceDirectory C:\Users\ivanc\OneDrive\Documenti\GitHub\siw-progetto-docente\siw-esame\src\test\resources
2022-06-13 12:23:31,781 [Worker-60: Building] INFO  o.e.m.c.i.embedder.EclipseLogger - Using 'UTF-8' encoding to copy filtered resources.
2022-06-13 12:23:31,781 [Worker-60: Building] INFO  o.e.m.c.i.embedder.EclipseLogger - Using 'UTF-8' encoding to copy filtered properties files.
2022-06-13 12:23:31,788 [Worker-60: Building] INFO  o.e.m.c.i.embedder.EclipseLogger - Copying 1 resource
2022-06-13 12:23:31,801 [Worker-60: Building] INFO  o.e.m.c.i.embedder.EclipseLogger - Copying 33 resources
2022-06-13 12:23:31,817 [Worker-60: Building] INFO  o.e.m.c.i.embedder.EclipseLogger - Using 'UTF-8' encoding to copy filtered resources.
2022-06-13 12:23:31,817 [Worker-60: Building] INFO  o.e.m.c.i.embedder.EclipseLogger - Using 'UTF-8' encoding to copy filtered properties files.
2022-06-13 12:23:31,817 [Worker-60: Building] INFO  o.e.m.c.i.embedder.EclipseLogger - skip non existing resourceDirectory C:\Users\ivanc\OneDrive\Documenti\GitHub\siw-progetto-docente\siw-esame\src\test\resources
2022-06-13 12:28:41,386 [Worker-62: Building] INFO  o.e.m.c.i.embedder.EclipseLogger - Using 'UTF-8' encoding to copy filtered resources.
2022-06-13 12:28:41,386 [Worker-62: Building] INFO  o.e.m.c.i.embedder.EclipseLogger - Using 'UTF-8' encoding to copy filtered properties files.
2022-06-13 12:28:41,386 [Worker-62: Building] INFO  o.e.m.c.i.embedder.EclipseLogger - Copying 0 resource
2022-06-13 12:28:41,386 [Worker-62: Building] INFO  o.e.m.c.i.embedder.EclipseLogger - Copying 1 resource
2022-06-13 12:28:41,391 [Worker-62: Building] INFO  o.e.m.c.i.embedder.EclipseLogger - Using 'UTF-8' encoding to copy filtered resources.
2022-06-13 12:28:41,391 [Worker-62: Building] INFO  o.e.m.c.i.embedder.EclipseLogger - Using 'UTF-8' encoding to copy filtered properties files.
2022-06-13 12:28:41,391 [Worker-62: Building] INFO  o.e.m.c.i.embedder.EclipseLogger - skip non existing resourceDirectory C:\Users\ivanc\OneDrive\Documenti\GitHub\siw-progetto-docente\siw-esame\src\test\resources
2022-06-13 12:30:31,108 [Worker-59: Building] INFO  o.e.m.c.i.embedder.EclipseLogger - Using 'UTF-8' encoding to copy filtered resources.
2022-06-13 12:30:31,108 [Worker-59: Building] INFO  o.e.m.c.i.embedder.EclipseLogger - Using 'UTF-8' encoding to copy filtered properties files.
2022-06-13 12:30:31,108 [Worker-59: Building] INFO  o.e.m.c.i.embedder.EclipseLogger - Copying 0 resource
2022-06-13 12:30:31,109 [Worker-59: Building] INFO  o.e.m.c.i.embedder.EclipseLogger - Copying 1 resource
2022-06-13 12:30:31,113 [Worker-59: Building] INFO  o.e.m.c.i.embedder.EclipseLogger - Using 'UTF-8' encoding to copy filtered resources.
2022-06-13 12:30:31,114 [Worker-59: Building] INFO  o.e.m.c.i.embedder.EclipseLogger - Using 'UTF-8' encoding to copy filtered properties files.
2022-06-13 12:30:31,114 [Worker-59: Building] INFO  o.e.m.c.i.embedder.EclipseLogger - skip non existing resourceDirectory C:\Users\ivanc\OneDrive\Documenti\GitHub\siw-progetto-docente\siw-esame\src\test\resources
2022-06-13 12:31:03,996 [Worker-64: Building] INFO  o.e.m.c.i.embedder.EclipseLogger - Using 'UTF-8' encoding to copy filtered resources.
2022-06-13 12:31:03,996 [Worker-64: Building] INFO  o.e.m.c.i.embedder.EclipseLogger - Using 'UTF-8' encoding to copy filtered properties files.
2022-06-13 12:31:03,997 [Worker-64: Building] INFO  o.e.m.c.i.embedder.EclipseLogger - Copying 0 resource
2022-06-13 12:31:03,997 [Worker-64: Building] INFO  o.e.m.c.i.embedder.EclipseLogger - Copying 1 resource
2022-06-13 12:31:04,001 [Worker-64: Building] INFO  o.e.m.c.i.embedder.EclipseLogger - Using 'UTF-8' encoding to copy filtered resources.
2022-06-13 12:31:04,001 [Worker-64: Building] INFO  o.e.m.c.i.embedder.EclipseLogger - Using 'UTF-8' encoding to copy filtered properties files.
2022-06-13 12:31:04,002 [Worker-64: Building] INFO  o.e.m.c.i.embedder.EclipseLogger - skip non existing resourceDirectory C:\Users\ivanc\OneDrive\Documenti\GitHub\siw-progetto-docente\siw-esame\src\test\resources
2022-06-13 12:32:55,715 [Worker-64: Building] INFO  o.e.m.c.i.embedder.EclipseLogger - Using 'UTF-8' encoding to copy filtered resources.
2022-06-13 12:32:55,716 [Worker-64: Building] INFO  o.e.m.c.i.embedder.EclipseLogger - Using 'UTF-8' encoding to copy filtered properties files.
2022-06-13 12:32:55,716 [Worker-64: Building] INFO  o.e.m.c.i.embedder.EclipseLogger - Copying 0 resource
2022-06-13 12:32:55,716 [Worker-64: Building] INFO  o.e.m.c.i.embedder.EclipseLogger - Copying 1 resource
2022-06-13 12:32:55,721 [Worker-64: Building] INFO  o.e.m.c.i.embedder.EclipseLogger - Using 'UTF-8' encoding to copy filtered resources.
2022-06-13 12:32:55,721 [Worker-64: Building] INFO  o.e.m.c.i.embedder.EclipseLogger - Using 'UTF-8' encoding to copy filtered properties files.
2022-06-13 12:32:55,721 [Worker-64: Building] INFO  o.e.m.c.i.embedder.EclipseLogger - skip non existing resourceDirectory C:\Users\ivanc\OneDrive\Documenti\GitHub\siw-progetto-docente\siw-esame\src\test\resources
2022-06-13 12:33:53,078 [Worker-67: Building] INFO  o.e.m.c.i.embedder.EclipseLogger - Using 'UTF-8' encoding to copy filtered resources.
2022-06-13 12:33:53,078 [Worker-67: Building] INFO  o.e.m.c.i.embedder.EclipseLogger - Using 'UTF-8' encoding to copy filtered properties files.
2022-06-13 12:33:53,085 [Worker-67: Building] INFO  o.e.m.c.i.embedder.EclipseLogger - Copying 1 resource
2022-06-13 12:33:53,104 [Worker-67: Building] INFO  o.e.m.c.i.embedder.EclipseLogger - Copying 33 resources
2022-06-13 12:33:53,126 [Worker-67: Building] INFO  o.e.m.c.i.embedder.EclipseLogger - Using 'UTF-8' encoding to copy filtered resources.
2022-06-13 12:33:53,127 [Worker-67: Building] INFO  o.e.m.c.i.embedder.EclipseLogger - Using 'UTF-8' encoding to copy filtered properties files.
2022-06-13 12:33:53,127 [Worker-67: Building] INFO  o.e.m.c.i.embedder.EclipseLogger - skip non existing resourceDirectory C:\Users\ivanc\OneDrive\Documenti\GitHub\siw-progetto-docente\siw-esame\src\test\resources
2022-06-13 12:40:42,534 [Worker-70: Building] INFO  o.e.m.c.i.embedder.EclipseLogger - Using 'UTF-8' encoding to copy filtered resources.
2022-06-13 12:40:42,535 [Worker-70: Building] INFO  o.e.m.c.i.embedder.EclipseLogger - Using 'UTF-8' encoding to copy filtered properties files.
2022-06-13 12:40:42,541 [Worker-70: Building] INFO  o.e.m.c.i.embedder.EclipseLogger - Copying 1 resource
2022-06-13 12:40:42,553 [Worker-70: Building] INFO  o.e.m.c.i.embedder.EclipseLogger - Copying 33 resources
2022-06-13 12:40:42,569 [Worker-70: Building] INFO  o.e.m.c.i.embedder.EclipseLogger - Using 'UTF-8' encoding to copy filtered resources.
2022-06-13 12:40:42,569 [Worker-70: Building] INFO  o.e.m.c.i.embedder.EclipseLogger - Using 'UTF-8' encoding to copy filtered properties files.
2022-06-13 12:40:42,569 [Worker-70: Building] INFO  o.e.m.c.i.embedder.EclipseLogger - skip non existing resourceDirectory C:\Users\ivanc\OneDrive\Documenti\GitHub\siw-progetto-docente\siw-esame\src\test\resources
2022-06-13 12:40:46,606 [Worker-67: Launching siw-esame - SiwSpringEsameApplication] INFO  o.e.m.c.i.embedder.EclipseLogger - Using 'UTF-8' encoding to copy filtered resources.
2022-06-13 12:40:46,606 [Worker-67: Launching siw-esame - SiwSpringEsameApplication] INFO  o.e.m.c.i.embedder.EclipseLogger - Using 'UTF-8' encoding to copy filtered properties files.
2022-06-13 12:40:46,612 [Worker-67: Launching siw-esame - SiwSpringEsameApplication] INFO  o.e.m.c.i.embedder.EclipseLogger - Copying 1 resource
2022-06-13 12:40:46,625 [Worker-67: Launching siw-esame - SiwSpringEsameApplication] INFO  o.e.m.c.i.embedder.EclipseLogger - Copying 33 resources
2022-06-13 12:40:46,649 [Worker-67: Launching siw-esame - SiwSpringEsameApplication] INFO  o.e.m.c.i.embedder.EclipseLogger - Using 'UTF-8' encoding to copy filtered resources.
2022-06-13 12:40:46,649 [Worker-67: Launching siw-esame - SiwSpringEsameApplication] INFO  o.e.m.c.i.embedder.EclipseLogger - Using 'UTF-8' encoding to copy filtered properties files.
2022-06-13 12:40:46,649 [Worker-67: Launching siw-esame - SiwSpringEsameApplication] INFO  o.e.m.c.i.embedder.EclipseLogger - skip non existing resourceDirectory C:\Users\ivanc\OneDrive\Documenti\GitHub\siw-progetto-docente\siw-esame\src\test\resources
2022-06-13 12:43:13,882 [Worker-67: Building] INFO  o.e.m.c.i.embedder.EclipseLogger - Using 'UTF-8' encoding to copy filtered resources.
2022-06-13 12:43:13,882 [Worker-67: Building] INFO  o.e.m.c.i.embedder.EclipseLogger - Using 'UTF-8' encoding to copy filtered properties files.
2022-06-13 12:43:13,889 [Worker-67: Building] INFO  o.e.m.c.i.embedder.EclipseLogger - Copying 1 resource
2022-06-13 12:43:13,899 [Worker-67: Building] INFO  o.e.m.c.i.embedder.EclipseLogger - Copying 33 resources
2022-06-13 12:43:13,915 [Worker-67: Building] INFO  o.e.m.c.i.embedder.EclipseLogger - Using 'UTF-8' encoding to copy filtered resources.
2022-06-13 12:43:13,915 [Worker-67: Building] INFO  o.e.m.c.i.embedder.EclipseLogger - Using 'UTF-8' encoding to copy filtered properties files.
2022-06-13 12:43:13,915 [Worker-67: Building] INFO  o.e.m.c.i.embedder.EclipseLogger - skip non existing resourceDirectory C:\Users\ivanc\OneDrive\Documenti\GitHub\siw-progetto-docente\siw-esame\src\test\resources
2022-06-13 12:43:59,925 [Worker-71: Building] INFO  o.e.m.c.i.embedder.EclipseLogger - Using 'UTF-8' encoding to copy filtered resources.
2022-06-13 12:43:59,925 [Worker-71: Building] INFO  o.e.m.c.i.embedder.EclipseLogger - Using 'UTF-8' encoding to copy filtered properties files.
2022-06-13 12:43:59,932 [Worker-71: Building] INFO  o.e.m.c.i.embedder.EclipseLogger - Copying 1 resource
2022-06-13 12:43:59,943 [Worker-71: Building] INFO  o.e.m.c.i.embedder.EclipseLogger - Copying 33 resources
2022-06-13 12:43:59,963 [Worker-71: Building] INFO  o.e.m.c.i.embedder.EclipseLogger - Using 'UTF-8' encoding to copy filtered resources.
2022-06-13 12:43:59,964 [Worker-71: Building] INFO  o.e.m.c.i.embedder.EclipseLogger - Using 'UTF-8' encoding to copy filtered properties files.
2022-06-13 12:43:59,964 [Worker-71: Building] INFO  o.e.m.c.i.embedder.EclipseLogger - skip non existing resourceDirectory C:\Users\ivanc\OneDrive\Documenti\GitHub\siw-progetto-docente\siw-esame\src\test\resources
2022-06-13 12:45:37,401 [Worker-66: Building] INFO  o.e.m.c.i.embedder.EclipseLogger - Using 'UTF-8' encoding to copy filtered resources.
2022-06-13 12:45:37,401 [Worker-66: Building] INFO  o.e.m.c.i.embedder.EclipseLogger - Using 'UTF-8' encoding to copy filtered properties files.
2022-06-13 12:45:37,402 [Worker-66: Building] INFO  o.e.m.c.i.embedder.EclipseLogger - Copying 0 resource
2022-06-13 12:45:37,402 [Worker-66: Building] INFO  o.e.m.c.i.embedder.EclipseLogger - Copying 1 resource
2022-06-13 12:45:37,406 [Worker-66: Building] INFO  o.e.m.c.i.embedder.EclipseLogger - Using 'UTF-8' encoding to copy filtered resources.
2022-06-13 12:45:37,407 [Worker-66: Building] INFO  o.e.m.c.i.embedder.EclipseLogger - Using 'UTF-8' encoding to copy filtered properties files.
2022-06-13 12:45:37,407 [Worker-66: Building] INFO  o.e.m.c.i.embedder.EclipseLogger - skip non existing resourceDirectory C:\Users\ivanc\OneDrive\Documenti\GitHub\siw-progetto-docente\siw-esame\src\test\resources
2022-06-13 14:39:33,959 [Worker-2: Loading available Gradle versions] INFO  o.e.b.c.i.u.g.PublishedGradleVersions - Gradle version information cache is up-to-date. Trying to read.
2022-06-13 14:40:30,208 [main] INFO  o.e.m2e.actions.ExecutePomAction - Creating new launch configuration
2022-06-13 14:41:17,373 [Worker-10: Launching Executing clean in C__Users_ivanc_OneDrive_Documenti_GitHub_siw-progetto-docente_siw-esame] INFO  o.e.m.i.launch.MavenLaunchDelegate - C:\Users\ivanc\OneDrive\Documenti\GitHub\siw-progetto-docente\siw-esame
2022-06-13 14:41:17,375 [Worker-10: Launching Executing clean in C__Users_ivanc_OneDrive_Documenti_GitHub_siw-progetto-docente_siw-esame] INFO  o.e.m.i.launch.MavenLaunchDelegate -  mvn -Ppom.xml -B clean
2022-06-13 14:41:25,254 [Worker-22: Building] INFO  o.e.m.c.i.embedder.EclipseLogger - Using 'UTF-8' encoding to copy filtered resources.
2022-06-13 14:41:25,255 [Worker-22: Building] INFO  o.e.m.c.i.embedder.EclipseLogger - Using 'UTF-8' encoding to copy filtered properties files.
2022-06-13 14:41:25,261 [Worker-22: Building] INFO  o.e.m.c.i.embedder.EclipseLogger - Copying 1 resource
2022-06-13 14:41:25,294 [Worker-22: Building] INFO  o.e.m.c.i.embedder.EclipseLogger - Copying 33 resources
2022-06-13 14:41:25,641 [Worker-22: Building] INFO  o.e.m.c.i.embedder.EclipseLogger - Using 'UTF-8' encoding to copy filtered resources.
2022-06-13 14:41:25,641 [Worker-22: Building] INFO  o.e.m.c.i.embedder.EclipseLogger - Using 'UTF-8' encoding to copy filtered properties files.
2022-06-13 14:41:25,641 [Worker-22: Building] INFO  o.e.m.c.i.embedder.EclipseLogger - skip non existing resourceDirectory C:\Users\ivanc\OneDrive\Documenti\GitHub\siw-progetto-docente\siw-esame\src\test\resources
2022-06-13 14:41:34,779 [Worker-9: Launching Executing install in C__Users_ivanc_OneDrive_Documenti_GitHub_siw-progetto-docente_siw-esame] INFO  o.e.m.i.launch.MavenLaunchDelegate - C:\Users\ivanc\OneDrive\Documenti\GitHub\siw-progetto-docente\siw-esame
2022-06-13 14:41:34,780 [Worker-9: Launching Executing install in C__Users_ivanc_OneDrive_Documenti_GitHub_siw-progetto-docente_siw-esame] INFO  o.e.m.i.launch.MavenLaunchDelegate -  mvn -Ppom.xml -B install
2022-06-13 14:41:53,895 [Worker-16: Building] INFO  o.e.m.c.i.embedder.EclipseLogger - Using 'UTF-8' encoding to copy filtered resources.
2022-06-13 14:41:53,895 [Worker-16: Building] INFO  o.e.m.c.i.embedder.EclipseLogger - Using 'UTF-8' encoding to copy filtered properties files.
2022-06-13 14:41:53,911 [Worker-16: Building] INFO  o.e.m.c.i.embedder.EclipseLogger - Copying 1 resource
2022-06-13 14:41:53,927 [Worker-16: Building] INFO  o.e.m.c.i.embedder.EclipseLogger - Copying 33 resources
2022-06-13 14:41:53,948 [Worker-16: Building] INFO  o.e.m.c.i.embedder.EclipseLogger - Using 'UTF-8' encoding to copy filtered resources.
2022-06-13 14:41:53,948 [Worker-16: Building] INFO  o.e.m.c.i.embedder.EclipseLogger - Using 'UTF-8' encoding to copy filtered properties files.
2022-06-13 14:41:53,949 [Worker-16: Building] INFO  o.e.m.c.i.embedder.EclipseLogger - skip non existing resourceDirectory C:\Users\ivanc\OneDrive\Documenti\GitHub\siw-progetto-docente\siw-esame\src\test\resources
2022-06-13 15:01:36,885 [Worker-21: Building] INFO  o.e.m.c.i.embedder.EclipseLogger - Using 'UTF-8' encoding to copy filtered resources.
2022-06-13 15:01:36,885 [Worker-21: Building] INFO  o.e.m.c.i.embedder.EclipseLogger - Using 'UTF-8' encoding to copy filtered properties files.
2022-06-13 15:01:36,888 [Worker-21: Building] INFO  o.e.m.c.i.embedder.EclipseLogger - Copying 1 resource
2022-06-13 15:01:36,895 [Worker-21: Building] INFO  o.e.m.c.i.embedder.EclipseLogger - Copying 0 resource
2022-06-13 15:01:36,900 [Worker-21: Building] INFO  o.e.m.c.i.embedder.EclipseLogger - Using 'UTF-8' encoding to copy filtered resources.
2022-06-13 15:01:36,900 [Worker-21: Building] INFO  o.e.m.c.i.embedder.EclipseLogger - Using 'UTF-8' encoding to copy filtered properties files.
2022-06-13 15:01:36,900 [Worker-21: Building] INFO  o.e.m.c.i.embedder.EclipseLogger - skip non existing resourceDirectory C:\Users\ivanc\OneDrive\Documenti\GitHub\siw-progetto-docente\siw-esame\src\test\resources
2022-06-13 15:02:19,396 [Worker-21: Launching Executing install in C__Users_ivanc_OneDrive_Documenti_GitHub_siw-progetto-docente_siw-esame] INFO  o.e.m.i.launch.MavenLaunchDelegate - C:\Users\ivanc\OneDrive\Documenti\GitHub\siw-progetto-docente\siw-esame
2022-06-13 15:02:19,397 [Worker-21: Launching Executing install in C__Users_ivanc_OneDrive_Documenti_GitHub_siw-progetto-docente_siw-esame] INFO  o.e.m.i.launch.MavenLaunchDelegate -  mvn -Ppom.xml -B install
2022-06-13 15:02:27,015 [Worker-27: Building] INFO  o.e.m.c.i.embedder.EclipseLogger - Using 'UTF-8' encoding to copy filtered resources.
2022-06-13 15:02:27,015 [Worker-27: Building] INFO  o.e.m.c.i.embedder.EclipseLogger - Using 'UTF-8' encoding to copy filtered properties files.
2022-06-13 15:02:27,016 [Worker-27: Building] INFO  o.e.m.c.i.embedder.EclipseLogger - Copying 0 resource
2022-06-13 15:02:27,016 [Worker-27: Building] INFO  o.e.m.c.i.embedder.EclipseLogger - Copying 0 resource
2022-06-13 15:02:27,019 [Worker-27: Building] INFO  o.e.m.c.i.embedder.EclipseLogger - Using 'UTF-8' encoding to copy filtered resources.
2022-06-13 15:02:27,019 [Worker-27: Building] INFO  o.e.m.c.i.embedder.EclipseLogger - Using 'UTF-8' encoding to copy filtered properties files.
2022-06-13 15:02:27,019 [Worker-27: Building] INFO  o.e.m.c.i.embedder.EclipseLogger - skip non existing resourceDirectory C:\Users\ivanc\OneDrive\Documenti\GitHub\siw-progetto-docente\siw-esame\src\test\resources
2022-06-13 15:03:57,644 [Worker-21: Launching Executing clean in C__Users_ivanc_OneDrive_Documenti_GitHub_siw-progetto-docente_siw-esame] INFO  o.e.m.i.launch.MavenLaunchDelegate - C:\Users\ivanc\OneDrive\Documenti\GitHub\siw-progetto-docente\siw-esame
2022-06-13 15:03:57,645 [Worker-21: Launching Executing clean in C__Users_ivanc_OneDrive_Documenti_GitHub_siw-progetto-docente_siw-esame] INFO  o.e.m.i.launch.MavenLaunchDelegate -  mvn -Ppom.xml -B clean
2022-06-13 15:04:00,571 [Worker-27: Building] INFO  o.e.m.c.i.embedder.EclipseLogger - Using 'UTF-8' encoding to copy filtered resources.
2022-06-13 15:04:00,571 [Worker-27: Building] INFO  o.e.m.c.i.embedder.EclipseLogger - Using 'UTF-8' encoding to copy filtered properties files.
2022-06-13 15:04:00,576 [Worker-27: Building] INFO  o.e.m.c.i.embedder.EclipseLogger - Copying 1 resource
2022-06-13 15:04:00,585 [Worker-27: Building] INFO  o.e.m.c.i.embedder.EclipseLogger - Copying 33 resources
2022-06-13 15:04:00,722 [Worker-27: Building] INFO  o.e.m.c.i.embedder.EclipseLogger - Using 'UTF-8' encoding to copy filtered resources.
2022-06-13 15:04:00,722 [Worker-27: Building] INFO  o.e.m.c.i.embedder.EclipseLogger - Using 'UTF-8' encoding to copy filtered properties files.
2022-06-13 15:04:00,723 [Worker-27: Building] INFO  o.e.m.c.i.embedder.EclipseLogger - skip non existing resourceDirectory C:\Users\ivanc\OneDrive\Documenti\GitHub\siw-progetto-docente\siw-esame\src\test\resources
2022-06-13 15:04:26,573 [Worker-29: Launching Executing install in C__Users_ivanc_OneDrive_Documenti_GitHub_siw-progetto-docente_siw-esame] INFO  o.e.m.i.launch.MavenLaunchDelegate - C:\Users\ivanc\OneDrive\Documenti\GitHub\siw-progetto-docente\siw-esame
2022-06-13 15:04:26,574 [Worker-29: Launching Executing install in C__Users_ivanc_OneDrive_Documenti_GitHub_siw-progetto-docente_siw-esame] INFO  o.e.m.i.launch.MavenLaunchDelegate -  mvn -Ppom.xml -B install
2022-06-13 15:04:35,072 [Worker-28: Building] INFO  o.e.m.c.i.embedder.EclipseLogger - Using 'UTF-8' encoding to copy filtered resources.
2022-06-13 15:04:35,073 [Worker-28: Building] INFO  o.e.m.c.i.embedder.EclipseLogger - Using 'UTF-8' encoding to copy filtered properties files.
2022-06-13 15:04:35,079 [Worker-28: Building] INFO  o.e.m.c.i.embedder.EclipseLogger - Copying 1 resource
2022-06-13 15:04:35,089 [Worker-28: Building] INFO  o.e.m.c.i.embedder.EclipseLogger - Copying 33 resources
2022-06-13 15:04:35,108 [Worker-28: Building] INFO  o.e.m.c.i.embedder.EclipseLogger - Using 'UTF-8' encoding to copy filtered resources.
2022-06-13 15:04:35,109 [Worker-28: Building] INFO  o.e.m.c.i.embedder.EclipseLogger - Using 'UTF-8' encoding to copy filtered properties files.
2022-06-13 15:04:35,109 [Worker-28: Building] INFO  o.e.m.c.i.embedder.EclipseLogger - skip non existing resourceDirectory C:\Users\ivanc\OneDrive\Documenti\GitHub\siw-progetto-docente\siw-esame\src\test\resources
2022-06-13 15:52:52,204 [Worker-32: Building] INFO  o.e.m.c.i.embedder.EclipseLogger - Using 'UTF-8' encoding to copy filtered resources.
2022-06-13 15:52:52,204 [Worker-32: Building] INFO  o.e.m.c.i.embedder.EclipseLogger - Using 'UTF-8' encoding to copy filtered properties files.
2022-06-13 15:52:52,205 [Worker-32: Building] INFO  o.e.m.c.i.embedder.EclipseLogger - Copying 1 resource
2022-06-13 15:52:52,212 [Worker-32: Building] INFO  o.e.m.c.i.embedder.EclipseLogger - Copying 0 resource
2022-06-13 15:52:52,215 [Worker-32: Building] INFO  o.e.m.c.i.embedder.EclipseLogger - Using 'UTF-8' encoding to copy filtered resources.
2022-06-13 15:52:52,215 [Worker-32: Building] INFO  o.e.m.c.i.embedder.EclipseLogger - Using 'UTF-8' encoding to copy filtered properties files.
2022-06-13 15:52:52,216 [Worker-32: Building] INFO  o.e.m.c.i.embedder.EclipseLogger - skip non existing resourceDirectory C:\Users\ivanc\OneDrive\Documenti\GitHub\siw-progetto-docente\siw-esame\src\test\resources
2022-06-13 15:56:08,161 [Worker-34: Building] INFO  o.e.m.c.i.embedder.EclipseLogger - Using 'UTF-8' encoding to copy filtered resources.
2022-06-13 15:56:08,162 [Worker-34: Building] INFO  o.e.m.c.i.embedder.EclipseLogger - Using 'UTF-8' encoding to copy filtered properties files.
2022-06-13 15:56:08,162 [Worker-34: Building] INFO  o.e.m.c.i.embedder.EclipseLogger - Copying 1 resource
2022-06-13 15:56:08,172 [Worker-34: Building] INFO  o.e.m.c.i.embedder.EclipseLogger - Copying 0 resource
2022-06-13 15:56:08,181 [Worker-34: Building] INFO  o.e.m.c.i.embedder.EclipseLogger - Using 'UTF-8' encoding to copy filtered resources.
2022-06-13 15:56:08,181 [Worker-34: Building] INFO  o.e.m.c.i.embedder.EclipseLogger - Using 'UTF-8' encoding to copy filtered properties files.
2022-06-13 15:56:08,181 [Worker-34: Building] INFO  o.e.m.c.i.embedder.EclipseLogger - skip non existing resourceDirectory C:\Users\ivanc\OneDrive\Documenti\GitHub\siw-progetto-docente\siw-esame\src\test\resources
2022-06-13 16:02:47,130 [Worker-35: Building] INFO  o.e.m.c.i.embedder.EclipseLogger - Using 'UTF-8' encoding to copy filtered resources.
2022-06-13 16:02:47,131 [Worker-35: Building] INFO  o.e.m.c.i.embedder.EclipseLogger - Using 'UTF-8' encoding to copy filtered properties files.
2022-06-13 16:02:47,131 [Worker-35: Building] INFO  o.e.m.c.i.embedder.EclipseLogger - Copying 1 resource
2022-06-13 16:02:47,161 [Worker-35: Building] INFO  o.e.m.c.i.embedder.EclipseLogger - Copying 0 resource
2022-06-13 16:02:47,166 [Worker-35: Building] INFO  o.e.m.c.i.embedder.EclipseLogger - Using 'UTF-8' encoding to copy filtered resources.
2022-06-13 16:02:47,166 [Worker-35: Building] INFO  o.e.m.c.i.embedder.EclipseLogger - Using 'UTF-8' encoding to copy filtered properties files.
2022-06-13 16:02:47,166 [Worker-35: Building] INFO  o.e.m.c.i.embedder.EclipseLogger - skip non existing resourceDirectory C:\Users\ivanc\OneDrive\Documenti\GitHub\siw-progetto-docente\siw-esame\src\test\resources
2022-06-13 16:02:52,723 [Worker-28: Launching Executing clean in C__Users_ivanc_OneDrive_Documenti_GitHub_siw-progetto-docente_siw-esame] INFO  o.e.m.i.launch.MavenLaunchDelegate - C:\Users\ivanc\OneDrive\Documenti\GitHub\siw-progetto-docente\siw-esame
2022-06-13 16:02:52,723 [Worker-28: Launching Executing clean in C__Users_ivanc_OneDrive_Documenti_GitHub_siw-progetto-docente_siw-esame] INFO  o.e.m.i.launch.MavenLaunchDelegate -  mvn -Ppom.xml -B clean
2022-06-13 16:02:55,824 [Worker-36: Building] INFO  o.e.m.c.i.embedder.EclipseLogger - Using 'UTF-8' encoding to copy filtered resources.
2022-06-13 16:02:55,824 [Worker-36: Building] INFO  o.e.m.c.i.embedder.EclipseLogger - Using 'UTF-8' encoding to copy filtered properties files.
2022-06-13 16:02:55,830 [Worker-36: Building] INFO  o.e.m.c.i.embedder.EclipseLogger - Copying 1 resource
2022-06-13 16:02:55,837 [Worker-36: Building] INFO  o.e.m.c.i.embedder.EclipseLogger - Copying 33 resources
2022-06-13 16:02:55,961 [Worker-36: Building] INFO  o.e.m.c.i.embedder.EclipseLogger - Using 'UTF-8' encoding to copy filtered resources.
2022-06-13 16:02:55,961 [Worker-36: Building] INFO  o.e.m.c.i.embedder.EclipseLogger - Using 'UTF-8' encoding to copy filtered properties files.
2022-06-13 16:02:55,961 [Worker-36: Building] INFO  o.e.m.c.i.embedder.EclipseLogger - skip non existing resourceDirectory C:\Users\ivanc\OneDrive\Documenti\GitHub\siw-progetto-docente\siw-esame\src\test\resources
2022-06-13 16:03:02,426 [Worker-37: Launching Executing install in C__Users_ivanc_OneDrive_Documenti_GitHub_siw-progetto-docente_siw-esame] INFO  o.e.m.i.launch.MavenLaunchDelegate - C:\Users\ivanc\OneDrive\Documenti\GitHub\siw-progetto-docente\siw-esame
2022-06-13 16:03:02,427 [Worker-37: Launching Executing install in C__Users_ivanc_OneDrive_Documenti_GitHub_siw-progetto-docente_siw-esame] INFO  o.e.m.i.launch.MavenLaunchDelegate -  mvn -Ppom.xml -B install
2022-06-13 16:03:10,405 [Worker-34: Building] INFO  o.e.m.c.i.embedder.EclipseLogger - Using 'UTF-8' encoding to copy filtered resources.
2022-06-13 16:03:10,406 [Worker-34: Building] INFO  o.e.m.c.i.embedder.EclipseLogger - Using 'UTF-8' encoding to copy filtered properties files.
2022-06-13 16:03:10,411 [Worker-34: Building] INFO  o.e.m.c.i.embedder.EclipseLogger - Copying 1 resource
2022-06-13 16:03:10,421 [Worker-34: Building] INFO  o.e.m.c.i.embedder.EclipseLogger - Copying 33 resources
2022-06-13 16:03:10,438 [Worker-34: Building] INFO  o.e.m.c.i.embedder.EclipseLogger - Using 'UTF-8' encoding to copy filtered resources.
2022-06-13 16:03:10,438 [Worker-34: Building] INFO  o.e.m.c.i.embedder.EclipseLogger - Using 'UTF-8' encoding to copy filtered properties files.
2022-06-13 16:03:10,439 [Worker-34: Building] INFO  o.e.m.c.i.embedder.EclipseLogger - skip non existing resourceDirectory C:\Users\ivanc\OneDrive\Documenti\GitHub\siw-progetto-docente\siw-esame\src\test\resources
2022-06-13 16:39:40,991 [Worker-39: Building] INFO  o.e.m.c.i.embedder.EclipseLogger - Using 'UTF-8' encoding to copy filtered resources.
2022-06-13 16:39:40,992 [Worker-39: Building] INFO  o.e.m.c.i.embedder.EclipseLogger - Using 'UTF-8' encoding to copy filtered properties files.
2022-06-13 16:39:40,992 [Worker-39: Building] INFO  o.e.m.c.i.embedder.EclipseLogger - Copying 1 resource
2022-06-13 16:39:41,019 [Worker-39: Building] INFO  o.e.m.c.i.embedder.EclipseLogger - Copying 0 resource
2022-06-13 16:39:41,023 [Worker-39: Building] INFO  o.e.m.c.i.embedder.EclipseLogger - Using 'UTF-8' encoding to copy filtered resources.
2022-06-13 16:39:41,023 [Worker-39: Building] INFO  o.e.m.c.i.embedder.EclipseLogger - Using 'UTF-8' encoding to copy filtered properties files.
2022-06-13 16:39:41,023 [Worker-39: Building] INFO  o.e.m.c.i.embedder.EclipseLogger - skip non existing resourceDirectory C:\Users\ivanc\OneDrive\Documenti\GitHub\siw-progetto-docente\siw-esame\src\test\resources
2022-06-13 16:40:26,979 [Worker-35: Building] INFO  o.e.m.c.i.embedder.EclipseLogger - Using 'UTF-8' encoding to copy filtered resources.
2022-06-13 16:40:26,979 [Worker-35: Building] INFO  o.e.m.c.i.embedder.EclipseLogger - Using 'UTF-8' encoding to copy filtered properties files.
2022-06-13 16:40:26,980 [Worker-35: Building] INFO  o.e.m.c.i.embedder.EclipseLogger - Copying 1 resource
2022-06-13 16:40:27,006 [Worker-35: Building] INFO  o.e.m.c.i.embedder.EclipseLogger - Copying 0 resource
2022-06-13 16:40:27,011 [Worker-35: Building] INFO  o.e.m.c.i.embedder.EclipseLogger - Using 'UTF-8' encoding to copy filtered resources.
2022-06-13 16:40:27,011 [Worker-35: Building] INFO  o.e.m.c.i.embedder.EclipseLogger - Using 'UTF-8' encoding to copy filtered properties files.
2022-06-13 16:40:27,011 [Worker-35: Building] INFO  o.e.m.c.i.embedder.EclipseLogger - skip non existing resourceDirectory C:\Users\ivanc\OneDrive\Documenti\GitHub\siw-progetto-docente\siw-esame\src\test\resources
2022-06-13 16:45:50,649 [Worker-39: Launching Executing clean in C__Users_ivanc_OneDrive_Documenti_GitHub_siw-progetto-docente_siw-esame] INFO  o.e.m.i.launch.MavenLaunchDelegate - C:\Users\ivanc\OneDrive\Documenti\GitHub\siw-progetto-docente\siw-esame
2022-06-13 16:45:50,649 [Worker-39: Launching Executing clean in C__Users_ivanc_OneDrive_Documenti_GitHub_siw-progetto-docente_siw-esame] INFO  o.e.m.i.launch.MavenLaunchDelegate -  mvn -Ppom.xml -B clean
2022-06-13 16:45:53,458 [Worker-49: Building] INFO  o.e.m.c.i.embedder.EclipseLogger - Using 'UTF-8' encoding to copy filtered resources.
2022-06-13 16:45:53,458 [Worker-49: Building] INFO  o.e.m.c.i.embedder.EclipseLogger - Using 'UTF-8' encoding to copy filtered properties files.
2022-06-13 16:45:53,465 [Worker-49: Building] INFO  o.e.m.c.i.embedder.EclipseLogger - Copying 1 resource
2022-06-13 16:45:53,474 [Worker-49: Building] INFO  o.e.m.c.i.embedder.EclipseLogger - Copying 33 resources
2022-06-13 16:45:53,603 [Worker-49: Building] INFO  o.e.m.c.i.embedder.EclipseLogger - Using 'UTF-8' encoding to copy filtered resources.
2022-06-13 16:45:53,603 [Worker-49: Building] INFO  o.e.m.c.i.embedder.EclipseLogger - Using 'UTF-8' encoding to copy filtered properties files.
2022-06-13 16:45:53,604 [Worker-49: Building] INFO  o.e.m.c.i.embedder.EclipseLogger - skip non existing resourceDirectory C:\Users\ivanc\OneDrive\Documenti\GitHub\siw-progetto-docente\siw-esame\src\test\resources
2022-06-13 16:46:01,715 [Worker-39: Launching Executing install in C__Users_ivanc_OneDrive_Documenti_GitHub_siw-progetto-docente_siw-esame] INFO  o.e.m.i.launch.MavenLaunchDelegate - C:\Users\ivanc\OneDrive\Documenti\GitHub\siw-progetto-docente\siw-esame
2022-06-13 16:46:01,716 [Worker-39: Launching Executing install in C__Users_ivanc_OneDrive_Documenti_GitHub_siw-progetto-docente_siw-esame] INFO  o.e.m.i.launch.MavenLaunchDelegate -  mvn -Ppom.xml -B install
2022-06-13 16:46:09,281 [Worker-45: Building] INFO  o.e.m.c.i.embedder.EclipseLogger - Using 'UTF-8' encoding to copy filtered resources.
2022-06-13 16:46:09,282 [Worker-45: Building] INFO  o.e.m.c.i.embedder.EclipseLogger - Using 'UTF-8' encoding to copy filtered properties files.
2022-06-13 16:46:09,290 [Worker-45: Building] INFO  o.e.m.c.i.embedder.EclipseLogger - Copying 1 resource
2022-06-13 16:46:09,302 [Worker-45: Building] INFO  o.e.m.c.i.embedder.EclipseLogger - Copying 33 resources
2022-06-13 16:46:09,320 [Worker-45: Building] INFO  o.e.m.c.i.embedder.EclipseLogger - Using 'UTF-8' encoding to copy filtered resources.
2022-06-13 16:46:09,320 [Worker-45: Building] INFO  o.e.m.c.i.embedder.EclipseLogger - Using 'UTF-8' encoding to copy filtered properties files.
2022-06-13 16:46:09,320 [Worker-45: Building] INFO  o.e.m.c.i.embedder.EclipseLogger - skip non existing resourceDirectory C:\Users\ivanc\OneDrive\Documenti\GitHub\siw-progetto-docente\siw-esame\src\test\resources
2022-06-13 17:07:47,463 [Worker-48: Launching Executing install in C__Users_ivanc_OneDrive_Documenti_GitHub_siw-progetto-docente_siw-esame] INFO  o.e.m.i.launch.MavenLaunchDelegate - C:\Users\ivanc\OneDrive\Documenti\GitHub\siw-progetto-docente\siw-esame
2022-06-13 17:07:47,464 [Worker-48: Launching Executing install in C__Users_ivanc_OneDrive_Documenti_GitHub_siw-progetto-docente_siw-esame] INFO  o.e.m.i.launch.MavenLaunchDelegate -  mvn -Ppom.xml -B install
2022-06-13 17:07:52,889 [Worker-51: Building] INFO  o.e.m.c.i.embedder.EclipseLogger - Using 'UTF-8' encoding to copy filtered resources.
2022-06-13 17:07:52,889 [Worker-51: Building] INFO  o.e.m.c.i.embedder.EclipseLogger - Using 'UTF-8' encoding to copy filtered properties files.
2022-06-13 17:07:52,890 [Worker-51: Building] INFO  o.e.m.c.i.embedder.EclipseLogger - Copying 0 resource
2022-06-13 17:07:52,890 [Worker-51: Building] INFO  o.e.m.c.i.embedder.EclipseLogger - Copying 0 resource
2022-06-13 17:07:52,895 [Worker-51: Building] INFO  o.e.m.c.i.embedder.EclipseLogger - Using 'UTF-8' encoding to copy filtered resources.
2022-06-13 17:07:52,896 [Worker-51: Building] INFO  o.e.m.c.i.embedder.EclipseLogger - Using 'UTF-8' encoding to copy filtered properties files.
2022-06-13 17:07:52,896 [Worker-51: Building] INFO  o.e.m.c.i.embedder.EclipseLogger - skip non existing resourceDirectory C:\Users\ivanc\OneDrive\Documenti\GitHub\siw-progetto-docente\siw-esame\src\test\resources
2022-06-13 17:07:59,409 [Worker-52: Launching Executing clean in C__Users_ivanc_OneDrive_Documenti_GitHub_siw-progetto-docente_siw-esame] INFO  o.e.m.i.launch.MavenLaunchDelegate - C:\Users\ivanc\OneDrive\Documenti\GitHub\siw-progetto-docente\siw-esame
2022-06-13 17:07:59,410 [Worker-52: Launching Executing clean in C__Users_ivanc_OneDrive_Documenti_GitHub_siw-progetto-docente_siw-esame] INFO  o.e.m.i.launch.MavenLaunchDelegate -  mvn -Ppom.xml -B clean
2022-06-13 17:08:02,462 [Worker-53: Building] INFO  o.e.m.c.i.embedder.EclipseLogger - Using 'UTF-8' encoding to copy filtered resources.
2022-06-13 17:08:02,462 [Worker-53: Building] INFO  o.e.m.c.i.embedder.EclipseLogger - Using 'UTF-8' encoding to copy filtered properties files.
2022-06-13 17:08:02,470 [Worker-53: Building] INFO  o.e.m.c.i.embedder.EclipseLogger - Copying 1 resource
2022-06-13 17:08:02,480 [Worker-53: Building] INFO  o.e.m.c.i.embedder.EclipseLogger - Copying 33 resources
2022-06-13 17:08:02,602 [Worker-53: Building] INFO  o.e.m.c.i.embedder.EclipseLogger - Using 'UTF-8' encoding to copy filtered resources.
2022-06-13 17:08:02,602 [Worker-53: Building] INFO  o.e.m.c.i.embedder.EclipseLogger - Using 'UTF-8' encoding to copy filtered properties files.
2022-06-13 17:08:02,602 [Worker-53: Building] INFO  o.e.m.c.i.embedder.EclipseLogger - skip non existing resourceDirectory C:\Users\ivanc\OneDrive\Documenti\GitHub\siw-progetto-docente\siw-esame\src\test\resources
2022-06-13 17:08:13,035 [Worker-54: Launching siw-esame - SiwSpringEsameApplication] INFO  o.e.m.c.i.embedder.EclipseLogger - Using 'UTF-8' encoding to copy filtered resources.
2022-06-13 17:08:13,035 [Worker-54: Launching siw-esame - SiwSpringEsameApplication] INFO  o.e.m.c.i.embedder.EclipseLogger - Using 'UTF-8' encoding to copy filtered properties files.
2022-06-13 17:08:13,042 [Worker-54: Launching siw-esame - SiwSpringEsameApplication] INFO  o.e.m.c.i.embedder.EclipseLogger - Copying 1 resource
2022-06-13 17:08:13,055 [Worker-54: Launching siw-esame - SiwSpringEsameApplication] INFO  o.e.m.c.i.embedder.EclipseLogger - Copying 33 resources
2022-06-13 17:08:13,074 [Worker-54: Launching siw-esame - SiwSpringEsameApplication] INFO  o.e.m.c.i.embedder.EclipseLogger - Using 'UTF-8' encoding to copy filtered resources.
2022-06-13 17:08:13,075 [Worker-54: Launching siw-esame - SiwSpringEsameApplication] INFO  o.e.m.c.i.embedder.EclipseLogger - Using 'UTF-8' encoding to copy filtered properties files.
2022-06-13 17:08:13,075 [Worker-54: Launching siw-esame - SiwSpringEsameApplication] INFO  o.e.m.c.i.embedder.EclipseLogger - skip non existing resourceDirectory C:\Users\ivanc\OneDrive\Documenti\GitHub\siw-progetto-docente\siw-esame\src\test\resources
2022-06-13 17:08:33,383 [Worker-51: Building] INFO  o.e.m.c.i.embedder.EclipseLogger - Using 'UTF-8' encoding to copy filtered resources.
2022-06-13 17:08:33,383 [Worker-51: Building] INFO  o.e.m.c.i.embedder.EclipseLogger - Using 'UTF-8' encoding to copy filtered properties files.
2022-06-13 17:08:33,391 [Worker-51: Building] INFO  o.e.m.c.i.embedder.EclipseLogger - Copying 1 resource
2022-06-13 17:08:33,436 [Worker-51: Building] INFO  o.e.m.c.i.embedder.EclipseLogger - Copying 33 resources
2022-06-13 17:08:33,460 [Worker-51: Building] INFO  o.e.m.c.i.embedder.EclipseLogger - Using 'UTF-8' encoding to copy filtered resources.
2022-06-13 17:08:33,460 [Worker-51: Building] INFO  o.e.m.c.i.embedder.EclipseLogger - Using 'UTF-8' encoding to copy filtered properties files.
2022-06-13 17:08:33,461 [Worker-51: Building] INFO  o.e.m.c.i.embedder.EclipseLogger - skip non existing resourceDirectory C:\Users\ivanc\OneDrive\Documenti\GitHub\siw-progetto-docente\siw-esame\src\test\resources
2022-06-13 17:09:19,075 [Worker-51: Building] INFO  o.e.m.c.i.embedder.EclipseLogger - Using 'UTF-8' encoding to copy filtered resources.
2022-06-13 17:09:19,075 [Worker-51: Building] INFO  o.e.m.c.i.embedder.EclipseLogger - Using 'UTF-8' encoding to copy filtered properties files.
2022-06-13 17:09:19,083 [Worker-51: Building] INFO  o.e.m.c.i.embedder.EclipseLogger - Copying 1 resource
2022-06-13 17:09:19,117 [Worker-51: Building] INFO  o.e.m.c.i.embedder.EclipseLogger - Copying 33 resources
2022-06-13 17:09:19,143 [Worker-51: Building] INFO  o.e.m.c.i.embedder.EclipseLogger - Using 'UTF-8' encoding to copy filtered resources.
2022-06-13 17:09:19,143 [Worker-51: Building] INFO  o.e.m.c.i.embedder.EclipseLogger - Using 'UTF-8' encoding to copy filtered properties files.
2022-06-13 17:09:19,143 [Worker-51: Building] INFO  o.e.m.c.i.embedder.EclipseLogger - skip non existing resourceDirectory C:\Users\ivanc\OneDrive\Documenti\GitHub\siw-progetto-docente\siw-esame\src\test\resources
2022-06-13 17:10:03,628 [Worker-52: Building] INFO  o.e.m.c.i.embedder.EclipseLogger - Using 'UTF-8' encoding to copy filtered resources.
2022-06-13 17:10:03,628 [Worker-52: Building] INFO  o.e.m.c.i.embedder.EclipseLogger - Using 'UTF-8' encoding to copy filtered properties files.
2022-06-13 17:10:03,637 [Worker-52: Building] INFO  o.e.m.c.i.embedder.EclipseLogger - Copying 1 resource
2022-06-13 17:10:03,650 [Worker-52: Building] INFO  o.e.m.c.i.embedder.EclipseLogger - Copying 33 resources
2022-06-13 17:10:03,699 [Worker-52: Building] INFO  o.e.m.c.i.embedder.EclipseLogger - Using 'UTF-8' encoding to copy filtered resources.
2022-06-13 17:10:03,699 [Worker-52: Building] INFO  o.e.m.c.i.embedder.EclipseLogger - Using 'UTF-8' encoding to copy filtered properties files.
2022-06-13 17:10:03,699 [Worker-52: Building] INFO  o.e.m.c.i.embedder.EclipseLogger - skip non existing resourceDirectory C:\Users\ivanc\OneDrive\Documenti\GitHub\siw-progetto-docente\siw-esame\src\test\resources
2022-06-13 17:10:34,401 [Worker-2: Loading available Gradle versions] INFO  o.e.b.c.i.u.g.PublishedGradleVersions - Gradle version information cache is out-of-date. Trying to update.
2022-06-13 17:12:34,781 [Worker-6: Building] INFO  o.e.m.c.i.embedder.EclipseLogger - Using 'UTF-8' encoding to copy filtered resources.
2022-06-13 17:12:34,792 [Worker-6: Building] INFO  o.e.m.c.i.embedder.EclipseLogger - Using 'UTF-8' encoding to copy filtered properties files.
2022-06-13 17:12:34,798 [Worker-6: Building] INFO  o.e.m.c.i.embedder.EclipseLogger - Copying 1 resource
2022-06-13 17:12:34,827 [Worker-6: Building] INFO  o.e.m.c.i.embedder.EclipseLogger - Copying 33 resources
2022-06-13 17:12:34,850 [Worker-6: Building] INFO  o.e.m.c.i.embedder.EclipseLogger - Using 'UTF-8' encoding to copy filtered resources.
2022-06-13 17:12:34,850 [Worker-6: Building] INFO  o.e.m.c.i.embedder.EclipseLogger - Using 'UTF-8' encoding to copy filtered properties files.
2022-06-13 17:12:34,851 [Worker-6: Building] INFO  o.e.m.c.i.embedder.EclipseLogger - skip non existing resourceDirectory C:\Users\ivanc\OneDrive\Documenti\GitHub\siw-progetto-docente\siw-esame\src\test\resources
2022-06-13 17:12:59,611 [Worker-0: Building] INFO  o.e.m.c.i.embedder.EclipseLogger - Using 'UTF-8' encoding to copy filtered resources.
2022-06-13 17:12:59,612 [Worker-0: Building] INFO  o.e.m.c.i.embedder.EclipseLogger - Using 'UTF-8' encoding to copy filtered properties files.
2022-06-13 17:12:59,623 [Worker-0: Building] INFO  o.e.m.c.i.embedder.EclipseLogger - Copying 1 resource
2022-06-13 17:12:59,668 [Worker-0: Building] INFO  o.e.m.c.i.embedder.EclipseLogger - Copying 33 resources
2022-06-13 17:12:59,700 [Worker-0: Building] INFO  o.e.m.c.i.embedder.EclipseLogger - Using 'UTF-8' encoding to copy filtered resources.
2022-06-13 17:12:59,700 [Worker-0: Building] INFO  o.e.m.c.i.embedder.EclipseLogger - Using 'UTF-8' encoding to copy filtered properties files.
2022-06-13 17:12:59,700 [Worker-0: Building] INFO  o.e.m.c.i.embedder.EclipseLogger - skip non existing resourceDirectory C:\Users\ivanc\OneDrive\Documenti\GitHub\siw-progetto-docente\siw-esame\src\test\resources
2022-06-13 17:16:30,778 [Worker-2: Loading available Gradle versions] INFO  o.e.b.c.i.u.g.PublishedGradleVersions - Gradle version information cache is up-to-date. Trying to read.
2022-06-13 17:17:00,494 [Worker-20: Building] INFO  o.e.m.c.i.embedder.EclipseLogger - Using 'UTF-8' encoding to copy filtered resources.
2022-06-13 17:17:00,495 [Worker-20: Building] INFO  o.e.m.c.i.embedder.EclipseLogger - Using 'UTF-8' encoding to copy filtered properties files.
2022-06-13 17:17:00,499 [Worker-20: Building] INFO  o.e.m.c.i.embedder.EclipseLogger - Copying 1 resource
2022-06-13 17:17:00,529 [Worker-20: Building] INFO  o.e.m.c.i.embedder.EclipseLogger - Copying 33 resources
2022-06-13 17:17:00,551 [Worker-20: Building] INFO  o.e.m.c.i.embedder.EclipseLogger - Using 'UTF-8' encoding to copy filtered resources.
2022-06-13 17:17:00,551 [Worker-20: Building] INFO  o.e.m.c.i.embedder.EclipseLogger - Using 'UTF-8' encoding to copy filtered properties files.
2022-06-13 17:17:00,551 [Worker-20: Building] INFO  o.e.m.c.i.embedder.EclipseLogger - skip non existing resourceDirectory C:\Users\ivanc\OneDrive\Documenti\GitHub\siw-progetto-docente\siw-esame\src\test\resources
2022-06-13 17:17:53,020 [Worker-1: Building] INFO  o.e.m.c.i.embedder.EclipseLogger - Using 'UTF-8' encoding to copy filtered resources.
2022-06-13 17:17:53,020 [Worker-1: Building] INFO  o.e.m.c.i.embedder.EclipseLogger - Using 'UTF-8' encoding to copy filtered properties files.
2022-06-13 17:17:53,032 [Worker-1: Building] INFO  o.e.m.c.i.embedder.EclipseLogger - Copying 1 resource
2022-06-13 17:17:53,046 [Worker-1: Building] INFO  o.e.m.c.i.embedder.EclipseLogger - Copying 33 resources
2022-06-13 17:17:53,078 [Worker-1: Building] INFO  o.e.m.c.i.embedder.EclipseLogger - Using 'UTF-8' encoding to copy filtered resources.
2022-06-13 17:17:53,078 [Worker-1: Building] INFO  o.e.m.c.i.embedder.EclipseLogger - Using 'UTF-8' encoding to copy filtered properties files.
2022-06-13 17:17:53,078 [Worker-1: Building] INFO  o.e.m.c.i.embedder.EclipseLogger - skip non existing resourceDirectory C:\Users\ivanc\OneDrive\Documenti\GitHub\siw-progetto-docente\siw-esame\src\test\resources
2022-06-13 17:17:59,506 [Worker-0: Building] INFO  o.e.m.c.i.embedder.EclipseLogger - Using 'UTF-8' encoding to copy filtered resources.
2022-06-13 17:17:59,506 [Worker-0: Building] INFO  o.e.m.c.i.embedder.EclipseLogger - Using 'UTF-8' encoding to copy filtered properties files.
2022-06-13 17:17:59,514 [Worker-0: Building] INFO  o.e.m.c.i.embedder.EclipseLogger - Copying 1 resource
2022-06-13 17:17:59,528 [Worker-0: Building] INFO  o.e.m.c.i.embedder.EclipseLogger - Copying 33 resources
2022-06-13 17:17:59,559 [Worker-0: Building] INFO  o.e.m.c.i.embedder.EclipseLogger - Using 'UTF-8' encoding to copy filtered resources.
2022-06-13 17:17:59,559 [Worker-0: Building] INFO  o.e.m.c.i.embedder.EclipseLogger - Using 'UTF-8' encoding to copy filtered properties files.
2022-06-13 17:17:59,559 [Worker-0: Building] INFO  o.e.m.c.i.embedder.EclipseLogger - skip non existing resourceDirectory C:\Users\ivanc\OneDrive\Documenti\GitHub\siw-progetto-docente\siw-esame\src\test\resources
2022-06-13 17:18:19,376 [Worker-4: Building] INFO  o.e.m.c.i.embedder.EclipseLogger - Using 'UTF-8' encoding to copy filtered resources.
2022-06-13 17:18:19,377 [Worker-4: Building] INFO  o.e.m.c.i.embedder.EclipseLogger - Using 'UTF-8' encoding to copy filtered properties files.
2022-06-13 17:18:19,382 [Worker-4: Building] INFO  o.e.m.c.i.embedder.EclipseLogger - Copying 1 resource
2022-06-13 17:18:19,393 [Worker-4: Building] INFO  o.e.m.c.i.embedder.EclipseLogger - Copying 33 resources
2022-06-13 17:18:19,417 [Worker-4: Building] INFO  o.e.m.c.i.embedder.EclipseLogger - Using 'UTF-8' encoding to copy filtered resources.
2022-06-13 17:18:19,417 [Worker-4: Building] INFO  o.e.m.c.i.embedder.EclipseLogger - Using 'UTF-8' encoding to copy filtered properties files.
2022-06-13 17:18:19,418 [Worker-4: Building] INFO  o.e.m.c.i.embedder.EclipseLogger - skip non existing resourceDirectory C:\Users\ivanc\OneDrive\Documenti\GitHub\siw-progetto-docente\siw-esame\src\test\resources
2022-06-13 17:21:24,981 [Worker-1: Loading available Gradle versions] INFO  o.e.b.c.i.u.g.PublishedGradleVersions - Gradle version information cache is up-to-date. Trying to read.
2022-06-13 17:22:51,414 [Worker-4: Loading available Gradle versions] INFO  o.e.b.c.i.u.g.PublishedGradleVersions - Gradle version information cache is up-to-date. Trying to read.
2022-06-13 17:23:28,402 [Worker-13: Building] INFO  o.e.m.c.i.embedder.EclipseLogger - Using 'UTF-8' encoding to copy filtered resources.
2022-06-13 17:23:28,404 [Worker-13: Building] INFO  o.e.m.c.i.embedder.EclipseLogger - Using 'UTF-8' encoding to copy filtered properties files.
2022-06-13 17:23:28,409 [Worker-13: Building] INFO  o.e.m.c.i.embedder.EclipseLogger - Copying 1 resource
2022-06-13 17:23:28,441 [Worker-13: Building] INFO  o.e.m.c.i.embedder.EclipseLogger - Copying 33 resources
2022-06-13 17:23:28,762 [Worker-13: Building] INFO  o.e.m.c.i.embedder.EclipseLogger - Using 'UTF-8' encoding to copy filtered resources.
2022-06-13 17:23:28,762 [Worker-13: Building] INFO  o.e.m.c.i.embedder.EclipseLogger - Using 'UTF-8' encoding to copy filtered properties files.
2022-06-13 17:23:28,762 [Worker-13: Building] INFO  o.e.m.c.i.embedder.EclipseLogger - skip non existing resourceDirectory C:\Users\ivanc\OneDrive\Documenti\GitHub\siw-progetto-docente\siw-esame\src\test\resources
2022-06-13 17:25:40,167 [Worker-7: Building] INFO  o.e.m.c.i.embedder.EclipseLogger - Using 'UTF-8' encoding to copy filtered resources.
2022-06-13 17:25:40,167 [Worker-7: Building] INFO  o.e.m.c.i.embedder.EclipseLogger - Using 'UTF-8' encoding to copy filtered properties files.
2022-06-13 17:25:40,179 [Worker-7: Building] INFO  o.e.m.c.i.embedder.EclipseLogger - Copying 1 resource
2022-06-13 17:25:40,197 [Worker-7: Building] INFO  o.e.m.c.i.embedder.EclipseLogger - Copying 33 resources
2022-06-13 17:25:40,225 [Worker-7: Building] INFO  o.e.m.c.i.embedder.EclipseLogger - Using 'UTF-8' encoding to copy filtered resources.
2022-06-13 17:25:40,226 [Worker-7: Building] INFO  o.e.m.c.i.embedder.EclipseLogger - Using 'UTF-8' encoding to copy filtered properties files.
2022-06-13 17:25:40,226 [Worker-7: Building] INFO  o.e.m.c.i.embedder.EclipseLogger - skip non existing resourceDirectory C:\Users\ivanc\OneDrive\Documenti\GitHub\siw-progetto-docente\siw-esame\src\test\resources
2022-06-13 17:26:56,653 [Worker-10: Building] INFO  o.e.m.c.i.embedder.EclipseLogger - Using 'UTF-8' encoding to copy filtered resources.
2022-06-13 17:26:56,654 [Worker-10: Building] INFO  o.e.m.c.i.embedder.EclipseLogger - Using 'UTF-8' encoding to copy filtered properties files.
2022-06-13 17:26:56,663 [Worker-10: Building] INFO  o.e.m.c.i.embedder.EclipseLogger - Copying 1 resource
2022-06-13 17:26:56,679 [Worker-10: Building] INFO  o.e.m.c.i.embedder.EclipseLogger - Copying 33 resources
2022-06-13 17:26:56,710 [Worker-10: Building] INFO  o.e.m.c.i.embedder.EclipseLogger - Using 'UTF-8' encoding to copy filtered resources.
2022-06-13 17:26:56,710 [Worker-10: Building] INFO  o.e.m.c.i.embedder.EclipseLogger - Using 'UTF-8' encoding to copy filtered properties files.
2022-06-13 17:26:56,710 [Worker-10: Building] INFO  o.e.m.c.i.embedder.EclipseLogger - skip non existing resourceDirectory C:\Users\ivanc\OneDrive\Documenti\GitHub\siw-progetto-docente\siw-esame\src\test\resources
2022-06-13 17:27:07,646 [Worker-3: Building] INFO  o.e.m.c.i.embedder.EclipseLogger - Using 'UTF-8' encoding to copy filtered resources.
2022-06-13 17:27:07,646 [Worker-3: Building] INFO  o.e.m.c.i.embedder.EclipseLogger - Using 'UTF-8' encoding to copy filtered properties files.
2022-06-13 17:27:07,654 [Worker-3: Building] INFO  o.e.m.c.i.embedder.EclipseLogger - Copying 1 resource
2022-06-13 17:27:07,681 [Worker-3: Building] INFO  o.e.m.c.i.embedder.EclipseLogger - Copying 33 resources
2022-06-13 17:27:07,711 [Worker-3: Building] INFO  o.e.m.c.i.embedder.EclipseLogger - Using 'UTF-8' encoding to copy filtered resources.
2022-06-13 17:27:07,711 [Worker-3: Building] INFO  o.e.m.c.i.embedder.EclipseLogger - Using 'UTF-8' encoding to copy filtered properties files.
2022-06-13 17:27:07,712 [Worker-3: Building] INFO  o.e.m.c.i.embedder.EclipseLogger - skip non existing resourceDirectory C:\Users\ivanc\OneDrive\Documenti\GitHub\siw-progetto-docente\siw-esame\src\test\resources
2022-06-13 17:29:14,587 [Worker-14: Building] INFO  o.e.m.c.i.embedder.EclipseLogger - Using 'UTF-8' encoding to copy filtered resources.
2022-06-13 17:29:14,588 [Worker-14: Building] INFO  o.e.m.c.i.embedder.EclipseLogger - Using 'UTF-8' encoding to copy filtered properties files.
2022-06-13 17:29:14,600 [Worker-14: Building] INFO  o.e.m.c.i.embedder.EclipseLogger - Copying 1 resource
2022-06-13 17:29:14,635 [Worker-14: Building] INFO  o.e.m.c.i.embedder.EclipseLogger - Copying 33 resources
2022-06-13 17:29:14,662 [Worker-14: Building] INFO  o.e.m.c.i.embedder.EclipseLogger - Using 'UTF-8' encoding to copy filtered resources.
2022-06-13 17:29:14,663 [Worker-14: Building] INFO  o.e.m.c.i.embedder.EclipseLogger - Using 'UTF-8' encoding to copy filtered properties files.
2022-06-13 17:29:14,663 [Worker-14: Building] INFO  o.e.m.c.i.embedder.EclipseLogger - skip non existing resourceDirectory C:\Users\ivanc\OneDrive\Documenti\GitHub\siw-progetto-docente\siw-esame\src\test\resources
2022-06-13 17:29:19,643 [Worker-12: Building] INFO  o.e.m.c.i.embedder.EclipseLogger - Using 'UTF-8' encoding to copy filtered resources.
2022-06-13 17:29:19,643 [Worker-12: Building] INFO  o.e.m.c.i.embedder.EclipseLogger - Using 'UTF-8' encoding to copy filtered properties files.
2022-06-13 17:29:19,651 [Worker-12: Building] INFO  o.e.m.c.i.embedder.EclipseLogger - Copying 1 resource
2022-06-13 17:29:19,665 [Worker-12: Building] INFO  o.e.m.c.i.embedder.EclipseLogger - Copying 33 resources
2022-06-13 17:29:19,695 [Worker-12: Building] INFO  o.e.m.c.i.embedder.EclipseLogger - Using 'UTF-8' encoding to copy filtered resources.
2022-06-13 17:29:19,695 [Worker-12: Building] INFO  o.e.m.c.i.embedder.EclipseLogger - Using 'UTF-8' encoding to copy filtered properties files.
2022-06-13 17:29:19,695 [Worker-12: Building] INFO  o.e.m.c.i.embedder.EclipseLogger - skip non existing resourceDirectory C:\Users\ivanc\OneDrive\Documenti\GitHub\siw-progetto-docente\siw-esame\src\test\resources
2022-06-13 17:30:22,847 [Worker-8: Building] INFO  o.e.m.c.i.embedder.EclipseLogger - Using 'UTF-8' encoding to copy filtered resources.
2022-06-13 17:30:22,848 [Worker-8: Building] INFO  o.e.m.c.i.embedder.EclipseLogger - Using 'UTF-8' encoding to copy filtered properties files.
2022-06-13 17:30:22,864 [Worker-8: Building] INFO  o.e.m.c.i.embedder.EclipseLogger - Copying 1 resource
2022-06-13 17:30:22,875 [Worker-8: Building] INFO  o.e.m.c.i.embedder.EclipseLogger - Copying 33 resources
2022-06-13 17:30:22,898 [Worker-8: Building] INFO  o.e.m.c.i.embedder.EclipseLogger - Using 'UTF-8' encoding to copy filtered resources.
2022-06-13 17:30:22,898 [Worker-8: Building] INFO  o.e.m.c.i.embedder.EclipseLogger - Using 'UTF-8' encoding to copy filtered properties files.
2022-06-13 17:30:22,898 [Worker-8: Building] INFO  o.e.m.c.i.embedder.EclipseLogger - skip non existing resourceDirectory C:\Users\ivanc\OneDrive\Documenti\GitHub\siw-progetto-docente\siw-esame\src\test\resources
2022-06-13 17:32:18,360 [Worker-2: Building] INFO  o.e.m.c.i.embedder.EclipseLogger - Using 'UTF-8' encoding to copy filtered resources.
2022-06-13 17:32:18,360 [Worker-2: Building] INFO  o.e.m.c.i.embedder.EclipseLogger - Using 'UTF-8' encoding to copy filtered properties files.
2022-06-13 17:32:18,368 [Worker-2: Building] INFO  o.e.m.c.i.embedder.EclipseLogger - Copying 1 resource
2022-06-13 17:32:18,380 [Worker-2: Building] INFO  o.e.m.c.i.embedder.EclipseLogger - Copying 33 resources
2022-06-13 17:32:18,408 [Worker-2: Building] INFO  o.e.m.c.i.embedder.EclipseLogger - Using 'UTF-8' encoding to copy filtered resources.
2022-06-13 17:32:18,408 [Worker-2: Building] INFO  o.e.m.c.i.embedder.EclipseLogger - Using 'UTF-8' encoding to copy filtered properties files.
2022-06-13 17:32:18,409 [Worker-2: Building] INFO  o.e.m.c.i.embedder.EclipseLogger - skip non existing resourceDirectory C:\Users\ivanc\OneDrive\Documenti\GitHub\siw-progetto-docente\siw-esame\src\test\resources
2022-06-13 17:32:21,971 [Worker-2: Launching siw-esame - SiwSpringEsameApplication] INFO  o.e.m.c.i.embedder.EclipseLogger - Using 'UTF-8' encoding to copy filtered resources.
2022-06-13 17:32:21,971 [Worker-2: Launching siw-esame - SiwSpringEsameApplication] INFO  o.e.m.c.i.embedder.EclipseLogger - Using 'UTF-8' encoding to copy filtered properties files.
2022-06-13 17:32:21,979 [Worker-2: Launching siw-esame - SiwSpringEsameApplication] INFO  o.e.m.c.i.embedder.EclipseLogger - Copying 1 resource
2022-06-13 17:32:21,992 [Worker-2: Launching siw-esame - SiwSpringEsameApplication] INFO  o.e.m.c.i.embedder.EclipseLogger - Copying 33 resources
2022-06-13 17:32:22,045 [Worker-2: Launching siw-esame - SiwSpringEsameApplication] INFO  o.e.m.c.i.embedder.EclipseLogger - Using 'UTF-8' encoding to copy filtered resources.
2022-06-13 17:32:22,045 [Worker-2: Launching siw-esame - SiwSpringEsameApplication] INFO  o.e.m.c.i.embedder.EclipseLogger - Using 'UTF-8' encoding to copy filtered properties files.
2022-06-13 17:32:22,046 [Worker-2: Launching siw-esame - SiwSpringEsameApplication] INFO  o.e.m.c.i.embedder.EclipseLogger - skip non existing resourceDirectory C:\Users\ivanc\OneDrive\Documenti\GitHub\siw-progetto-docente\siw-esame\src\test\resources
2022-06-13 17:33:11,991 [Worker-1: Building] INFO  o.e.m.c.i.embedder.EclipseLogger - Using 'UTF-8' encoding to copy filtered resources.
2022-06-13 17:33:11,992 [Worker-1: Building] INFO  o.e.m.c.i.embedder.EclipseLogger - Using 'UTF-8' encoding to copy filtered properties files.
2022-06-13 17:33:11,999 [Worker-1: Building] INFO  o.e.m.c.i.embedder.EclipseLogger - Copying 1 resource
2022-06-13 17:33:12,011 [Worker-1: Building] INFO  o.e.m.c.i.embedder.EclipseLogger - Copying 33 resources
2022-06-13 17:33:12,030 [Worker-1: Building] INFO  o.e.m.c.i.embedder.EclipseLogger - Using 'UTF-8' encoding to copy filtered resources.
2022-06-13 17:33:12,030 [Worker-1: Building] INFO  o.e.m.c.i.embedder.EclipseLogger - Using 'UTF-8' encoding to copy filtered properties files.
2022-06-13 17:33:12,030 [Worker-1: Building] INFO  o.e.m.c.i.embedder.EclipseLogger - skip non existing resourceDirectory C:\Users\ivanc\OneDrive\Documenti\GitHub\siw-progetto-docente\siw-esame\src\test\resources
2022-06-13 17:33:15,682 [Worker-3: Building] INFO  o.e.m.c.i.embedder.EclipseLogger - Using 'UTF-8' encoding to copy filtered resources.
2022-06-13 17:33:15,683 [Worker-3: Building] INFO  o.e.m.c.i.embedder.EclipseLogger - Using 'UTF-8' encoding to copy filtered properties files.
2022-06-13 17:33:15,688 [Worker-3: Building] INFO  o.e.m.c.i.embedder.EclipseLogger - Copying 1 resource
2022-06-13 17:33:15,698 [Worker-3: Building] INFO  o.e.m.c.i.embedder.EclipseLogger - Copying 33 resources
2022-06-13 17:33:15,715 [Worker-3: Building] INFO  o.e.m.c.i.embedder.EclipseLogger - Using 'UTF-8' encoding to copy filtered resources.
2022-06-13 17:33:15,715 [Worker-3: Building] INFO  o.e.m.c.i.embedder.EclipseLogger - Using 'UTF-8' encoding to copy filtered properties files.
2022-06-13 17:33:15,715 [Worker-3: Building] INFO  o.e.m.c.i.embedder.EclipseLogger - skip non existing resourceDirectory C:\Users\ivanc\OneDrive\Documenti\GitHub\siw-progetto-docente\siw-esame\src\test\resources
2022-06-13 17:33:41,759 [Worker-13: Building] INFO  o.e.m.c.i.embedder.EclipseLogger - Using 'UTF-8' encoding to copy filtered resources.
2022-06-13 17:33:41,760 [Worker-13: Building] INFO  o.e.m.c.i.embedder.EclipseLogger - Using 'UTF-8' encoding to copy filtered properties files.
2022-06-13 17:33:41,765 [Worker-13: Building] INFO  o.e.m.c.i.embedder.EclipseLogger - Copying 1 resource
2022-06-13 17:33:41,774 [Worker-13: Building] INFO  o.e.m.c.i.embedder.EclipseLogger - Copying 33 resources
2022-06-13 17:33:41,794 [Worker-13: Building] INFO  o.e.m.c.i.embedder.EclipseLogger - Using 'UTF-8' encoding to copy filtered resources.
2022-06-13 17:33:41,794 [Worker-13: Building] INFO  o.e.m.c.i.embedder.EclipseLogger - Using 'UTF-8' encoding to copy filtered properties files.
2022-06-13 17:33:41,795 [Worker-13: Building] INFO  o.e.m.c.i.embedder.EclipseLogger - skip non existing resourceDirectory C:\Users\ivanc\OneDrive\Documenti\GitHub\siw-progetto-docente\siw-esame\src\test\resources
2022-06-13 17:34:43,537 [Worker-5: Building] INFO  o.e.m.c.i.embedder.EclipseLogger - Using 'UTF-8' encoding to copy filtered resources.
2022-06-13 17:34:43,538 [Worker-5: Building] INFO  o.e.m.c.i.embedder.EclipseLogger - Using 'UTF-8' encoding to copy filtered properties files.
2022-06-13 17:34:43,544 [Worker-5: Building] INFO  o.e.m.c.i.embedder.EclipseLogger - Copying 1 resource
2022-06-13 17:34:43,554 [Worker-5: Building] INFO  o.e.m.c.i.embedder.EclipseLogger - Copying 33 resources
2022-06-13 17:34:43,573 [Worker-5: Building] INFO  o.e.m.c.i.embedder.EclipseLogger - Using 'UTF-8' encoding to copy filtered resources.
2022-06-13 17:34:43,574 [Worker-5: Building] INFO  o.e.m.c.i.embedder.EclipseLogger - Using 'UTF-8' encoding to copy filtered properties files.
2022-06-13 17:34:43,574 [Worker-5: Building] INFO  o.e.m.c.i.embedder.EclipseLogger - skip non existing resourceDirectory C:\Users\ivanc\OneDrive\Documenti\GitHub\siw-progetto-docente\siw-esame\src\test\resources
2022-06-13 17:39:52,281 [Worker-23: Building] INFO  o.e.m.c.i.embedder.EclipseLogger - Using 'UTF-8' encoding to copy filtered resources.
2022-06-13 17:39:52,282 [Worker-23: Building] INFO  o.e.m.c.i.embedder.EclipseLogger - Using 'UTF-8' encoding to copy filtered properties files.
2022-06-13 17:39:52,290 [Worker-23: Building] INFO  o.e.m.c.i.embedder.EclipseLogger - Copying 1 resource
2022-06-13 17:39:52,320 [Worker-23: Building] INFO  o.e.m.c.i.embedder.EclipseLogger - Copying 33 resources
2022-06-13 17:39:52,346 [Worker-23: Building] INFO  o.e.m.c.i.embedder.EclipseLogger - Using 'UTF-8' encoding to copy filtered resources.
2022-06-13 17:39:52,346 [Worker-23: Building] INFO  o.e.m.c.i.embedder.EclipseLogger - Using 'UTF-8' encoding to copy filtered properties files.
2022-06-13 17:39:52,346 [Worker-23: Building] INFO  o.e.m.c.i.embedder.EclipseLogger - skip non existing resourceDirectory C:\Users\ivanc\OneDrive\Documenti\GitHub\siw-progetto-docente\siw-esame\src\test\resources
2022-06-13 17:40:02,003 [Worker-6: Launching Executing install in C__Users_ivanc_OneDrive_Documenti_GitHub_siw-progetto-docente_siw-esame] INFO  o.e.m.i.launch.MavenLaunchDelegate - C:\Users\ivanc\OneDrive\Documenti\GitHub\siw-progetto-docente\siw-esame
2022-06-13 17:40:02,004 [Worker-6: Launching Executing install in C__Users_ivanc_OneDrive_Documenti_GitHub_siw-progetto-docente_siw-esame] INFO  o.e.m.i.launch.MavenLaunchDelegate -  mvn -Ppom.xml -B install
2022-06-13 17:40:17,639 [Worker-24: Building] INFO  o.e.m.c.i.embedder.EclipseLogger - Using 'UTF-8' encoding to copy filtered resources.
2022-06-13 17:40:17,639 [Worker-24: Building] INFO  o.e.m.c.i.embedder.EclipseLogger - Using 'UTF-8' encoding to copy filtered properties files.
2022-06-13 17:40:17,646 [Worker-24: Building] INFO  o.e.m.c.i.embedder.EclipseLogger - Copying 1 resource
2022-06-13 17:40:17,664 [Worker-24: Building] INFO  o.e.m.c.i.embedder.EclipseLogger - Copying 33 resources
2022-06-13 17:40:17,680 [Worker-24: Building] INFO  o.e.m.c.i.embedder.EclipseLogger - Using 'UTF-8' encoding to copy filtered resources.
2022-06-13 17:40:17,680 [Worker-24: Building] INFO  o.e.m.c.i.embedder.EclipseLogger - Using 'UTF-8' encoding to copy filtered properties files.
2022-06-13 17:40:17,680 [Worker-24: Building] INFO  o.e.m.c.i.embedder.EclipseLogger - skip non existing resourceDirectory C:\Users\ivanc\OneDrive\Documenti\GitHub\siw-progetto-docente\siw-esame\src\test\resources
2022-06-13 17:49:14,675 [Worker-25: Building] INFO  o.e.m.c.i.embedder.EclipseLogger - Using 'UTF-8' encoding to copy filtered resources.
2022-06-13 17:49:14,676 [Worker-25: Building] INFO  o.e.m.c.i.embedder.EclipseLogger - Using 'UTF-8' encoding to copy filtered properties files.
2022-06-13 17:49:14,683 [Worker-25: Building] INFO  o.e.m.c.i.embedder.EclipseLogger - Copying 1 resource
2022-06-13 17:49:14,695 [Worker-25: Building] INFO  o.e.m.c.i.embedder.EclipseLogger - Copying 33 resources
2022-06-13 17:49:14,712 [Worker-25: Building] INFO  o.e.m.c.i.embedder.EclipseLogger - Using 'UTF-8' encoding to copy filtered resources.
2022-06-13 17:49:14,713 [Worker-25: Building] INFO  o.e.m.c.i.embedder.EclipseLogger - Using 'UTF-8' encoding to copy filtered properties files.
2022-06-13 17:49:14,713 [Worker-25: Building] INFO  o.e.m.c.i.embedder.EclipseLogger - skip non existing resourceDirectory C:\Users\ivanc\OneDrive\Documenti\GitHub\siw-progetto-docente\siw-esame\src\test\resources
2022-06-13 17:49:37,002 [Worker-6: Launching Executing clean in C__Users_ivanc_OneDrive_Documenti_GitHub_siw-progetto-docente_siw-esame] INFO  o.e.m.i.launch.MavenLaunchDelegate - C:\Users\ivanc\OneDrive\Documenti\GitHub\siw-progetto-docente\siw-esame
2022-06-13 17:49:37,003 [Worker-6: Launching Executing clean in C__Users_ivanc_OneDrive_Documenti_GitHub_siw-progetto-docente_siw-esame] INFO  o.e.m.i.launch.MavenLaunchDelegate -  mvn -Ppom.xml -B clean
2022-06-13 17:49:40,088 [Worker-26: Building] INFO  o.e.m.c.i.embedder.EclipseLogger - Using 'UTF-8' encoding to copy filtered resources.
2022-06-13 17:49:40,089 [Worker-26: Building] INFO  o.e.m.c.i.embedder.EclipseLogger - Using 'UTF-8' encoding to copy filtered properties files.
2022-06-13 17:49:40,094 [Worker-26: Building] INFO  o.e.m.c.i.embedder.EclipseLogger - Copying 1 resource
2022-06-13 17:49:40,103 [Worker-26: Building] INFO  o.e.m.c.i.embedder.EclipseLogger - Copying 33 resources
2022-06-13 17:49:40,302 [Worker-26: Building] INFO  o.e.m.c.i.embedder.EclipseLogger - Using 'UTF-8' encoding to copy filtered resources.
2022-06-13 17:49:40,302 [Worker-26: Building] INFO  o.e.m.c.i.embedder.EclipseLogger - Using 'UTF-8' encoding to copy filtered properties files.
2022-06-13 17:49:40,303 [Worker-26: Building] INFO  o.e.m.c.i.embedder.EclipseLogger - skip non existing resourceDirectory C:\Users\ivanc\OneDrive\Documenti\GitHub\siw-progetto-docente\siw-esame\src\test\resources
2022-06-13 17:51:19,731 [Worker-1: Loading available Gradle versions] INFO  o.e.b.c.i.u.g.PublishedGradleVersions - Gradle version information cache is up-to-date. Trying to read.
2022-06-13 17:52:12,828 [Worker-13: Building] INFO  o.e.m.c.i.embedder.EclipseLogger - Using 'UTF-8' encoding to copy filtered resources.
2022-06-13 17:52:12,831 [Worker-13: Building] INFO  o.e.m.c.i.embedder.EclipseLogger - Using 'UTF-8' encoding to copy filtered properties files.
2022-06-13 17:52:12,838 [Worker-13: Building] INFO  o.e.m.c.i.embedder.EclipseLogger - Copying 1 resource
2022-06-13 17:52:12,864 [Worker-13: Building] INFO  o.e.m.c.i.embedder.EclipseLogger - Copying 33 resources
2022-06-13 17:52:12,885 [Worker-13: Building] INFO  o.e.m.c.i.embedder.EclipseLogger - Using 'UTF-8' encoding to copy filtered resources.
2022-06-13 17:52:12,886 [Worker-13: Building] INFO  o.e.m.c.i.embedder.EclipseLogger - Using 'UTF-8' encoding to copy filtered properties files.
2022-06-13 17:52:12,886 [Worker-13: Building] INFO  o.e.m.c.i.embedder.EclipseLogger - skip non existing resourceDirectory C:\Users\ivanc\OneDrive\Documenti\GitHub\siw-progetto-docente\siw-esame\src\test\resources
2022-06-13 17:52:32,341 [Worker-3: Building] INFO  o.e.m.c.i.embedder.EclipseLogger - Using 'UTF-8' encoding to copy filtered resources.
2022-06-13 17:52:32,341 [Worker-3: Building] INFO  o.e.m.c.i.embedder.EclipseLogger - Using 'UTF-8' encoding to copy filtered properties files.
2022-06-13 17:52:32,350 [Worker-3: Building] INFO  o.e.m.c.i.embedder.EclipseLogger - Copying 1 resource
2022-06-13 17:52:32,362 [Worker-3: Building] INFO  o.e.m.c.i.embedder.EclipseLogger - Copying 33 resources
2022-06-13 17:52:32,383 [Worker-3: Building] INFO  o.e.m.c.i.embedder.EclipseLogger - Using 'UTF-8' encoding to copy filtered resources.
2022-06-13 17:52:32,383 [Worker-3: Building] INFO  o.e.m.c.i.embedder.EclipseLogger - Using 'UTF-8' encoding to copy filtered properties files.
2022-06-13 17:52:32,384 [Worker-3: Building] INFO  o.e.m.c.i.embedder.EclipseLogger - skip non existing resourceDirectory C:\Users\ivanc\OneDrive\Documenti\GitHub\siw-progetto-docente\siw-esame\src\test\resources
2022-06-13 17:52:46,238 [Worker-1: Building] INFO  o.e.m.c.i.embedder.EclipseLogger - Using 'UTF-8' encoding to copy filtered resources.
2022-06-13 17:52:46,239 [Worker-1: Building] INFO  o.e.m.c.i.embedder.EclipseLogger - Using 'UTF-8' encoding to copy filtered properties files.
2022-06-13 17:52:46,248 [Worker-1: Building] INFO  o.e.m.c.i.embedder.EclipseLogger - Copying 1 resource
2022-06-13 17:52:46,266 [Worker-1: Building] INFO  o.e.m.c.i.embedder.EclipseLogger - Copying 33 resources
2022-06-13 17:52:46,293 [Worker-1: Building] INFO  o.e.m.c.i.embedder.EclipseLogger - Using 'UTF-8' encoding to copy filtered resources.
2022-06-13 17:52:46,293 [Worker-1: Building] INFO  o.e.m.c.i.embedder.EclipseLogger - Using 'UTF-8' encoding to copy filtered properties files.
2022-06-13 17:52:46,294 [Worker-1: Building] INFO  o.e.m.c.i.embedder.EclipseLogger - skip non existing resourceDirectory C:\Users\ivanc\OneDrive\Documenti\GitHub\siw-progetto-docente\siw-esame\src\test\resources
2022-06-13 17:53:11,573 [Worker-7: Building] INFO  o.e.m.c.i.embedder.EclipseLogger - Using 'UTF-8' encoding to copy filtered resources.
2022-06-13 17:53:11,574 [Worker-7: Building] INFO  o.e.m.c.i.embedder.EclipseLogger - Using 'UTF-8' encoding to copy filtered properties files.
2022-06-13 17:53:11,581 [Worker-7: Building] INFO  o.e.m.c.i.embedder.EclipseLogger - Copying 1 resource
2022-06-13 17:53:11,595 [Worker-7: Building] INFO  o.e.m.c.i.embedder.EclipseLogger - Copying 33 resources
2022-06-13 17:53:11,622 [Worker-7: Building] INFO  o.e.m.c.i.embedder.EclipseLogger - Using 'UTF-8' encoding to copy filtered resources.
2022-06-13 17:53:11,622 [Worker-7: Building] INFO  o.e.m.c.i.embedder.EclipseLogger - Using 'UTF-8' encoding to copy filtered properties files.
2022-06-13 17:53:11,623 [Worker-7: Building] INFO  o.e.m.c.i.embedder.EclipseLogger - skip non existing resourceDirectory C:\Users\ivanc\OneDrive\Documenti\GitHub\siw-progetto-docente\siw-esame\src\test\resources
2022-06-13 17:53:54,889 [Worker-0: Loading available Gradle versions] INFO  o.e.b.c.i.u.g.PublishedGradleVersions - Gradle version information cache is up-to-date. Trying to read.
2022-06-13 17:54:15,092 [Worker-10: Building] INFO  o.e.m.c.i.embedder.EclipseLogger - Using 'UTF-8' encoding to copy filtered resources.
2022-06-13 17:54:15,094 [Worker-10: Building] INFO  o.e.m.c.i.embedder.EclipseLogger - Using 'UTF-8' encoding to copy filtered properties files.
2022-06-13 17:54:15,100 [Worker-10: Building] INFO  o.e.m.c.i.embedder.EclipseLogger - Copying 1 resource
2022-06-13 17:54:15,144 [Worker-10: Building] INFO  o.e.m.c.i.embedder.EclipseLogger - Copying 33 resources
2022-06-13 17:54:15,173 [Worker-10: Building] INFO  o.e.m.c.i.embedder.EclipseLogger - Using 'UTF-8' encoding to copy filtered resources.
2022-06-13 17:54:15,173 [Worker-10: Building] INFO  o.e.m.c.i.embedder.EclipseLogger - Using 'UTF-8' encoding to copy filtered properties files.
2022-06-13 17:54:15,174 [Worker-10: Building] INFO  o.e.m.c.i.embedder.EclipseLogger - skip non existing resourceDirectory C:\Users\ivanc\OneDrive\Documenti\GitHub\siw-progetto-docente\siw-esame\src\test\resources
2022-06-13 17:55:17,583 [Worker-3: Building] INFO  o.e.m.c.i.embedder.EclipseLogger - Using 'UTF-8' encoding to copy filtered resources.
2022-06-13 17:55:17,583 [Worker-3: Building] INFO  o.e.m.c.i.embedder.EclipseLogger - Using 'UTF-8' encoding to copy filtered properties files.
2022-06-13 17:55:17,596 [Worker-3: Building] INFO  o.e.m.c.i.embedder.EclipseLogger - Copying 1 resource
2022-06-13 17:55:17,615 [Worker-3: Building] INFO  o.e.m.c.i.embedder.EclipseLogger - Copying 33 resources
2022-06-13 17:55:17,643 [Worker-3: Building] INFO  o.e.m.c.i.embedder.EclipseLogger - Using 'UTF-8' encoding to copy filtered resources.
2022-06-13 17:55:17,644 [Worker-3: Building] INFO  o.e.m.c.i.embedder.EclipseLogger - Using 'UTF-8' encoding to copy filtered properties files.
2022-06-13 17:55:17,644 [Worker-3: Building] INFO  o.e.m.c.i.embedder.EclipseLogger - skip non existing resourceDirectory C:\Users\ivanc\OneDrive\Documenti\GitHub\siw-progetto-docente\siw-esame\src\test\resources
2022-06-13 17:55:51,180 [Worker-1: Loading available Gradle versions] INFO  o.e.b.c.i.u.g.PublishedGradleVersions - Gradle version information cache is up-to-date. Trying to read.
2022-06-13 18:03:06,350 [Worker-2: Loading available Gradle versions] INFO  o.e.b.c.i.u.g.PublishedGradleVersions - Gradle version information cache is up-to-date. Trying to read.
2022-06-13 18:03:30,142 [Worker-11: Building] INFO  o.e.m.c.i.embedder.EclipseLogger - Using 'UTF-8' encoding to copy filtered resources.
2022-06-13 18:03:30,145 [Worker-11: Building] INFO  o.e.m.c.i.embedder.EclipseLogger - Using 'UTF-8' encoding to copy filtered properties files.
2022-06-13 18:03:30,151 [Worker-11: Building] INFO  o.e.m.c.i.embedder.EclipseLogger - Copying 1 resource
2022-06-13 18:03:30,178 [Worker-11: Building] INFO  o.e.m.c.i.embedder.EclipseLogger - Copying 33 resources
2022-06-13 18:03:30,218 [Worker-11: Building] INFO  o.e.m.c.i.embedder.EclipseLogger - Using 'UTF-8' encoding to copy filtered resources.
2022-06-13 18:03:30,218 [Worker-11: Building] INFO  o.e.m.c.i.embedder.EclipseLogger - Using 'UTF-8' encoding to copy filtered properties files.
2022-06-13 18:03:30,218 [Worker-11: Building] INFO  o.e.m.c.i.embedder.EclipseLogger - skip non existing resourceDirectory C:\Users\ivanc\OneDrive\Documenti\GitHub\siw-progetto-docente\siw-esame\src\test\resources
2022-06-13 18:03:32,753 [Worker-10: Building] INFO  o.e.m.c.i.embedder.EclipseLogger - Using 'UTF-8' encoding to copy filtered resources.
2022-06-13 18:03:32,754 [Worker-10: Building] INFO  o.e.m.c.i.embedder.EclipseLogger - Using 'UTF-8' encoding to copy filtered properties files.
2022-06-13 18:03:32,768 [Worker-10: Building] INFO  o.e.m.c.i.embedder.EclipseLogger - Copying 1 resource
2022-06-13 18:03:32,804 [Worker-10: Building] INFO  o.e.m.c.i.embedder.EclipseLogger - Copying 33 resources
2022-06-13 18:03:32,833 [Worker-10: Building] INFO  o.e.m.c.i.embedder.EclipseLogger - Using 'UTF-8' encoding to copy filtered resources.
2022-06-13 18:03:32,833 [Worker-10: Building] INFO  o.e.m.c.i.embedder.EclipseLogger - Using 'UTF-8' encoding to copy filtered properties files.
2022-06-13 18:03:32,834 [Worker-10: Building] INFO  o.e.m.c.i.embedder.EclipseLogger - skip non existing resourceDirectory C:\Users\ivanc\OneDrive\Documenti\GitHub\siw-progetto-docente\siw-esame\src\test\resources
2022-06-13 18:03:41,540 [Worker-18: Building] INFO  o.e.m.c.i.embedder.EclipseLogger - Using 'UTF-8' encoding to copy filtered resources.
2022-06-13 18:03:41,540 [Worker-18: Building] INFO  o.e.m.c.i.embedder.EclipseLogger - Using 'UTF-8' encoding to copy filtered properties files.
2022-06-13 18:03:41,547 [Worker-18: Building] INFO  o.e.m.c.i.embedder.EclipseLogger - Copying 1 resource
2022-06-13 18:03:41,560 [Worker-18: Building] INFO  o.e.m.c.i.embedder.EclipseLogger - Copying 33 resources
2022-06-13 18:03:41,582 [Worker-18: Building] INFO  o.e.m.c.i.embedder.EclipseLogger - Using 'UTF-8' encoding to copy filtered resources.
2022-06-13 18:03:41,582 [Worker-18: Building] INFO  o.e.m.c.i.embedder.EclipseLogger - Using 'UTF-8' encoding to copy filtered properties files.
2022-06-13 18:03:41,582 [Worker-18: Building] INFO  o.e.m.c.i.embedder.EclipseLogger - skip non existing resourceDirectory C:\Users\ivanc\OneDrive\Documenti\GitHub\siw-progetto-docente\siw-esame\src\test\resources
2022-06-13 18:03:53,373 [Worker-0: Building] INFO  o.e.m.c.i.embedder.EclipseLogger - Using 'UTF-8' encoding to copy filtered resources.
2022-06-13 18:03:53,374 [Worker-0: Building] INFO  o.e.m.c.i.embedder.EclipseLogger - Using 'UTF-8' encoding to copy filtered properties files.
2022-06-13 18:03:53,382 [Worker-0: Building] INFO  o.e.m.c.i.embedder.EclipseLogger - Copying 1 resource
2022-06-13 18:03:53,414 [Worker-0: Building] INFO  o.e.m.c.i.embedder.EclipseLogger - Copying 33 resources
2022-06-13 18:03:53,451 [Worker-0: Building] INFO  o.e.m.c.i.embedder.EclipseLogger - Using 'UTF-8' encoding to copy filtered resources.
2022-06-13 18:03:53,451 [Worker-0: Building] INFO  o.e.m.c.i.embedder.EclipseLogger - Using 'UTF-8' encoding to copy filtered properties files.
2022-06-13 18:03:53,452 [Worker-0: Building] INFO  o.e.m.c.i.embedder.EclipseLogger - skip non existing resourceDirectory C:\Users\ivanc\OneDrive\Documenti\GitHub\siw-progetto-docente\siw-esame\src\test\resources
2022-06-13 18:03:57,968 [Worker-3: Building] INFO  o.e.m.c.i.embedder.EclipseLogger - Using 'UTF-8' encoding to copy filtered resources.
2022-06-13 18:03:57,969 [Worker-3: Building] INFO  o.e.m.c.i.embedder.EclipseLogger - Using 'UTF-8' encoding to copy filtered properties files.
2022-06-13 18:03:57,978 [Worker-3: Building] INFO  o.e.m.c.i.embedder.EclipseLogger - Copying 1 resource
2022-06-13 18:03:57,997 [Worker-3: Building] INFO  o.e.m.c.i.embedder.EclipseLogger - Copying 33 resources
2022-06-13 18:03:58,032 [Worker-3: Building] INFO  o.e.m.c.i.embedder.EclipseLogger - Using 'UTF-8' encoding to copy filtered resources.
2022-06-13 18:03:58,032 [Worker-3: Building] INFO  o.e.m.c.i.embedder.EclipseLogger - Using 'UTF-8' encoding to copy filtered properties files.
2022-06-13 18:03:58,033 [Worker-3: Building] INFO  o.e.m.c.i.embedder.EclipseLogger - skip non existing resourceDirectory C:\Users\ivanc\OneDrive\Documenti\GitHub\siw-progetto-docente\siw-esame\src\test\resources
